Unity Editor version:    2021.3.0f1 (6eacc8284459)
Branch:                  2021.3/staging
Build type:              Release
Batch mode:              YES
macOS version:           Version 12.4 (Build 21F5063e)
Darwin version:          21.5.0
Architecture:            arm64
Running under Rosetta:   NO
Available memory:        16384 MB
Using pre-set license
Pro License: YES

COMMAND LINE ARGUMENTS:
/Applications/Unity/Hub/Editor/2021.3.0f1/Unity.app/Contents/MacOS/Unity
-adb2
-batchMode
-noUpm
-name
AssetImportWorker0
-projectPath
/Users/airewatterson/Documents/GitHub/Padko_Survivers_Mobile
-logFile
Logs/AssetImportWorker0.log
-srvPort
59031
Successfully changed project path to: /Users/airewatterson/Documents/GitHub/Padko_Survivers_Mobile
/Users/airewatterson/Documents/GitHub/Padko_Survivers_Mobile
[UnityMemory] Configuration Parameters - Can be set up in boot.config
    "memorysetup-bucket-allocator-granularity=16"
    "memorysetup-bucket-allocator-bucket-count=8"
    "memorysetup-bucket-allocator-block-size=33554432"
    "memorysetup-bucket-allocator-block-count=8"
    "memorysetup-main-allocator-block-size=16777216"
    "memorysetup-thread-allocator-block-size=16777216"
    "memorysetup-gfx-main-allocator-block-size=16777216"
    "memorysetup-gfx-thread-allocator-block-size=16777216"
    "memorysetup-cache-allocator-block-size=4194304"
    "memorysetup-typetree-allocator-block-size=2097152"
    "memorysetup-profiler-bucket-allocator-granularity=16"
    "memorysetup-profiler-bucket-allocator-bucket-count=8"
    "memorysetup-profiler-bucket-allocator-block-size=33554432"
    "memorysetup-profiler-bucket-allocator-block-count=8"
    "memorysetup-profiler-allocator-block-size=16777216"
    "memorysetup-profiler-editor-allocator-block-size=1048576"
    "memorysetup-temp-allocator-size-main=16777216"
    "memorysetup-job-temp-allocator-block-size=2097152"
    "memorysetup-job-temp-allocator-block-size-background=1048576"
    "memorysetup-job-temp-allocator-reduction-small-platforms=262144"
    "memorysetup-temp-allocator-size-background-worker=32768"
    "memorysetup-temp-allocator-size-job-worker=262144"
    "memorysetup-temp-allocator-size-preload-manager=33554432"
    "memorysetup-temp-allocator-size-nav-mesh-worker=65536"
    "memorysetup-temp-allocator-size-audio-worker=65536"
    "memorysetup-temp-allocator-size-cloud-worker=32768"
    "memorysetup-temp-allocator-size-gi-baking-worker=262144"
    "memorysetup-temp-allocator-size-gfx=262144"
Refreshing native plugins compatible for Editor in 88.20 ms, found 3 plugins.
Preloading 0 native plugins for Editor in 0.00 ms.
Initialize engine version: 2021.3.0f1 (6eacc8284459)
[Subsystems] Discovering subsystems at path /Applications/Unity/Hub/Editor/2021.3.0f1/Unity.app/Contents/Resources/UnitySubsystems
[Subsystems] Discovering subsystems at path /Users/airewatterson/Documents/GitHub/Padko_Survivers_Mobile/Assets
GfxDevice: creating device client; threaded=0; jobified=0
 preferred device: Apple M1 Pro (high power)
Metal devices available: 1
0: Apple M1 Pro (high power)
Using device Apple M1 Pro (high power)
Initializing Metal device caps: Apple M1 Pro
Initialize mono
Mono path[0] = '/Applications/Unity/Hub/Editor/2021.3.0f1/Unity.app/Contents/Managed'
Mono path[1] = '/Applications/Unity/Hub/Editor/2021.3.0f1/Unity.app/Contents/MonoBleedingEdge/lib/mono/unityjit-macos'
Mono config path = '/Applications/Unity/Hub/Editor/2021.3.0f1/Unity.app/Contents/MonoBleedingEdge/etc'
Using monoOptions --debugger-agent=transport=dt_socket,embedding=1,server=y,suspend=n,address=127.0.0.1:56444
Begin MonoManager ReloadAssembly
Registering precompiled unity dll's ...
Register platform support module: /Applications/Unity/Hub/Editor/2021.3.0f1/Unity.app/Contents/PlaybackEngines/MacStandaloneSupport/UnityEditor.OSXStandalone.Extensions.dll
Register platform support module: /Applications/Unity/Hub/Editor/2021.3.0f1/PlaybackEngines/AndroidPlayer/UnityEditor.Android.Extensions.dll
Register platform support module: /Applications/Unity/Hub/Editor/2021.3.0f1/PlaybackEngines/iOSSupport/UnityEditor.iOS.Extensions.dll
Registered in 0.003345 seconds.
[usbmuxd] Start listen thread
[usbmuxd] Listen thread started
[usbmuxd] Send listen message
Native extension for iOS target not found
Native extension for Android target not found
Native extension for OSXStandalone target not found
Refreshing native plugins compatible for Editor in 92.11 ms, found 3 plugins.
Preloading 0 native plugins for Editor in 0.00 ms.
Mono: successfully reloaded assembly
- Completed reload, in  0.483 seconds
Domain Reload Profiling:
	ReloadAssembly (484ms)
		BeginReloadAssembly (52ms)
			ExecutionOrderSort (0ms)
			DisableScriptedObjects (0ms)
			BackupInstance (0ms)
			ReleaseScriptingObjects (0ms)
			CreateAndSetChildDomain (0ms)
		EndReloadAssembly (356ms)
			LoadAssemblies (53ms)
			RebuildTransferFunctionScriptingTraits (0ms)
			SetupTypeCache (69ms)
			ReleaseScriptCaches (0ms)
			RebuildScriptCaches (20ms)
			SetupLoadedEditorAssemblies (238ms)
				LogAssemblyErrors (0ms)
				InitializePlatformSupportModulesInManaged (55ms)
				SetLoadedEditorAssemblies (0ms)
				RefreshPlugins (92ms)
				BeforeProcessingInitializeOnLoad (1ms)
				ProcessInitializeOnLoadAttributes (62ms)
				ProcessInitializeOnLoadMethodAttributes (27ms)
				AfterProcessingInitializeOnLoad (0ms)
				EditorAssembliesLoaded (0ms)
			ExecutionOrderSort2 (0ms)
			AwakeInstancesAfterBackupRestoration (0ms)
Platform modules already initialized, skipping
Registering precompiled user dll's ...
Registered in 0.001474 seconds.
Begin MonoManager ReloadAssembly
Symbol file LoadedFromMemory doesn't match image /Users/airewatterson/Documents/GitHub/Padko_Survivers_Mobile/Library/PackageCache/com.unity.visualscripting@1.7.6/Editor/VisualScripting.Core/Dependencies/YamlDotNet/Unity.VisualScripting.YamlDotNet.dll
Symbol file LoadedFromMemory is not a mono symbol file
Symbol file LoadedFromMemory doesn't match image /Users/airewatterson/Documents/GitHub/Padko_Survivers_Mobile/Library/PackageCache/com.unity.visualscripting@1.7.6/Editor/VisualScripting.Core/Dependencies/DotNetZip/Unity.VisualScripting.IonicZip.dll
Native extension for iOS target not found
Native extension for Android target not found
Native extension for OSXStandalone target not found
Refreshing native plugins compatible for Editor in 87.62 ms, found 3 plugins.
Preloading 0 native plugins for Editor in 0.00 ms.
System.Exception: Error! Visual Scripting: couldn't find visual scripting package
  at Unity.VisualScripting.PackageVersionUtility.get_version () [0x00043] in /Users/airewatterson/Documents/GitHub/Padko_Survivers_Mobile/Library/PackageCache/com.unity.visualscripting@1.7.6/Editor/VisualScripting.Core/Utilities/PackageVersionUtility.cs:31 
  at Unity.VisualScripting.BoltCoreManifest.get_version () [0x00000] in /Users/airewatterson/Documents/GitHub/Padko_Survivers_Mobile/Library/PackageCache/com.unity.visualscripting@1.7.6/Editor/VisualScripting.Core/Plugin/BoltCoreManifest.cs:11 
  at Unity.VisualScripting.PluginManifest.get_currentVersion () [0x00000] in /Users/airewatterson/Documents/GitHub/Padko_Survivers_Mobile/Library/PackageCache/com.unity.visualscripting@1.7.6/Editor/VisualScripting.Core/Plugins/PluginManifest.cs:33 
  at Unity.VisualScripting.PluginManifest.get_versionMismatch () [0x00000] in /Users/airewatterson/Documents/GitHub/Padko_Survivers_Mobile/Library/PackageCache/com.unity.visualscripting@1.7.6/Editor/VisualScripting.Core/Plugins/PluginManifest.cs:48 
  at Unity.VisualScripting.PluginContainer.Initialize () [0x00525] in /Users/airewatterson/Documents/GitHub/Padko_Survivers_Mobile/Library/PackageCache/com.unity.visualscripting@1.7.6/Editor/VisualScripting.Core/Plugins/PluginContainer.cs:208 
  at Unity.VisualScripting.PluginContainer.InitializeOnLoad () [0x00009] in /Users/airewatterson/Documents/GitHub/Padko_Survivers_Mobile/Library/PackageCache/com.unity.visualscripting@1.7.6/Editor/VisualScripting.Core/Plugins/PluginContainer.cs:32 
  at Unity.VisualScripting.VSUsageUtility.DoInitializeOnLoadCalls () [0x00034] in /Users/airewatterson/Documents/GitHub/Padko_Survivers_Mobile/Library/PackageCache/com.unity.visualscripting@1.7.6/Editor/VisualScripting.Core/Utilities/VSUsageUtility.cs:76 
  at Unity.VisualScripting.VSUsageUtility.set_isVisualScriptingUsed (System.Boolean value) [0x0002c] in /Users/airewatterson/Documents/GitHub/Padko_Survivers_Mobile/Library/PackageCache/com.unity.visualscripting@1.7.6/Editor/VisualScripting.Core/Utilities/VSUsageUtility.cs:114 
  at Unity.VisualScripting.VSUsageUtility.CheckAndSetIsVisualScriptingUsed () [0x00032] in /Users/airewatterson/Documents/GitHub/Padko_Survivers_Mobile/Library/PackageCache/com.unity.visualscripting@1.7.6/Editor/VisualScripting.Core/Utilities/VSUsageUtility.cs:48 
  at Unity.VisualScripting.VSUsageUtility..cctor () [0x00000] in /Users/airewatterson/Documents/GitHub/Padko_Survivers_Mobile/Library/PackageCache/com.unity.visualscripting@1.7.6/Editor/VisualScripting.Core/Utilities/VSUsageUtility.cs:22 
 #0 GetStacktrace(int)
 #1 DebugStringToFile(DebugStringToFileData const&)
 #2 DebugLogHandler_CUSTOM_Internal_Log(LogType, LogOption, ScriptingBackendNativeStringPtrOpaque*, ScriptingBackendNativeObjectPtrOpaque*)
 #3  (Mono JIT Code) (wrapper managed-to-native) UnityEngine.DebugLogHandler:Internal_Log (UnityEngine.LogType,UnityEngine.LogOption,string,UnityEngine.Object)
 #4  (Mono JIT Code) [DebugLogHandler.cs:10] UnityEngine.DebugLogHandler:LogFormat (UnityEngine.LogType,UnityEngine.Object,string,object[])
 #5  (Mono JIT Code) [Logger.cs:61] UnityEngine.Logger:Log (UnityEngine.LogType,object)
 #6  (Mono JIT Code) [Debug.bindings.cs:130] UnityEngine.Debug:LogError (object)
 #7  (Mono JIT Code) [EditorAssemblies.cs:131] UnityEditor.EditorAssemblies:ProcessInitializeOnLoadAttributes (System.Type[])
 #8  (Mono JIT Code) (wrapper runtime-invoke) <Module>:runtime_invoke_void_object (object,intptr,intptr,intptr)
 #9 mono_jit_runtime_invoke
 #10 do_runtime_invoke
 #11 mono_runtime_invoke
 #12 scripting_method_invoke(ScriptingMethodPtr, ScriptingObjectPtr, ScriptingArguments&, ScriptingExceptionPtr*, bool)
 #13 ScriptingInvocation::Invoke(ScriptingExceptionPtr*, bool)
 #14 Scripting::UnityEditor::EditorAssembliesProxy::ProcessInitializeOnLoadAttributes(ScriptingArrayPtr, ScriptingExceptionPtr*)
 #15 MonoManager::SetupLoadedEditorAssemblies(dynamic_array<int, 0ul> const&)
 #16 MonoManager::EndReloadAssembly(DomainReloadingData&, dynamic_bitset)
 #17 MonoManager::ReloadAssembly()
 #18 LoadDomainAndUserAssemblies()
 #19 LoadUserAssemblies()
 #20 Application::InitializeProject()
 #21 -[EditorApplication applicationDidFinishLaunching:]
 #22 __CFNOTIFICATIONCENTER_IS_CALLING_OUT_TO_AN_OBSERVER__
 #23 ___CFXRegistrationPost_block_invoke
 #24 _CFXRegistrationPost
 #25 _CFXNotificationPost
 #26 -[NSNotificationCenter postNotificationName:object:userInfo:]
 #27 -[NSApplication _postDidFinishNotification]
 #28 -[NSApplication _sendFinishLaunchingNotification]
 #29 -[NSApplication(NSAppleEventHandling) _handleAEOpenEvent:]
 #30 -[NSApplication(NSAppleEventHandling) _handleCoreEvent:withReplyEvent:]
 #31 -[NSAppleEventManager dispatchRawAppleEvent:withRawReply:handlerRefCon:]
 #32 _NSAppleEventManagerGenericHandler
 #33 _AppleEventsCheckInAppWithBlock
 #34 _AppleEventsCheckInAppWithBlock
 #35 aeProcessAppleEvent
 #36 AEProcessAppleEvent
 #37 _DPSNextEvent
 #38 -[NSApplication(NSEvent) _nextEventMatchingEventMask:untilDate:inMode:dequeue:]
 #39 -[NSApplication run]
 #40 NSApplicationMain
 #41 EditorMain(int, char const**)
 #42 main
 #43 ???

Mono: successfully reloaded assembly
- Completed reload, in  1.007 seconds
Domain Reload Profiling:
	ReloadAssembly (1007ms)
		BeginReloadAssembly (58ms)
			ExecutionOrderSort (0ms)
			DisableScriptedObjects (3ms)
			BackupInstance (0ms)
			ReleaseScriptingObjects (0ms)
			CreateAndSetChildDomain (12ms)
		EndReloadAssembly (891ms)
			LoadAssemblies (77ms)
			RebuildTransferFunctionScriptingTraits (0ms)
			SetupTypeCache (159ms)
			ReleaseScriptCaches (0ms)
			RebuildScriptCaches (44ms)
			SetupLoadedEditorAssemblies (583ms)
				LogAssemblyErrors (0ms)
				InitializePlatformSupportModulesInManaged (18ms)
				SetLoadedEditorAssemblies (0ms)
				RefreshPlugins (88ms)
				BeforeProcessingInitializeOnLoad (67ms)
				ProcessInitializeOnLoadAttributes (391ms)
				ProcessInitializeOnLoadMethodAttributes (19ms)
				AfterProcessingInitializeOnLoad (1ms)
				EditorAssembliesLoaded (0ms)
			ExecutionOrderSort2 (0ms)
			AwakeInstancesAfterBackupRestoration (2ms)
Platform modules already initialized, skipping
========================================================================
Worker process is ready to serve import requests
Launching external process: /Applications/Unity/Hub/Editor/2021.3.0f1/Unity.app/Contents/Tools/UnityShaderCompiler
Launched and connected shader compiler UnityShaderCompiler after 0.04 seconds
Refreshing native plugins compatible for Editor in 0.54 ms, found 3 plugins.
Preloading 0 native plugins for Editor in 0.00 ms.
Unloading 4554 Unused Serialized files (Serialized files now loaded: 1)
Unloading 64 unused Assets / (116.4 KB). Loaded Objects now: 5005.
Memory consumption went from 295.8 MB to 295.7 MB.
Total: 9.130708 ms (FindLiveObjects: 0.168833 ms CreateObjectMapping: 0.063208 ms MarkObjects: 8.804125 ms  DeleteObjects: 0.093042 ms)

AssetImportParameters requested are different than current active one (requested -> active):
  custom:video-decoder-ogg-theora: a1e56fd34408186e4bbccfd4996cb3dc -> 
  custom:container-muxer-webm: aa71ff27fc2769a1b78a27578f13a17b -> 
  custom:container-demuxer-webm: 4f35f7cbe854078d1ac9338744f61a02 -> 
  custom:video-encoder-webm-vp8: eb34c28f22e8b96e1ab97ce403110664 -> 
  custom:framework-osx-AVFoundation: e770b220cccbd017edd2c1fefb359320 -> 
  custom:audio-encoder-webm-vorbis: bf7c407c2cedff20999df2af8eb42d56 -> 
  custom:container-demuxer-ogg: 62fdf1f143b41e24485cea50d1cbac27 -> 
  custom:video-decoder-webm-vp8: 9c59270c3fd7afecdb556c50c9e8de78 -> 
  custom:audio-decoder-ogg-vorbis: bf7c407c2cedff20999df2af8eb42d56 -> 
========================================================================
Received Prepare
Registering precompiled user dll's ...
Registered in 0.001416 seconds.
Begin MonoManager ReloadAssembly
Thread 0x29d887000 may have been prematurely finalized
Symbol file LoadedFromMemory doesn't match image /Users/airewatterson/Documents/GitHub/Padko_Survivers_Mobile/Library/PackageCache/com.unity.visualscripting@1.7.6/Editor/VisualScripting.Core/Dependencies/YamlDotNet/Unity.VisualScripting.YamlDotNet.dll
Symbol file LoadedFromMemory is not a mono symbol file
Symbol file LoadedFromMemory doesn't match image /Users/airewatterson/Documents/GitHub/Padko_Survivers_Mobile/Library/PackageCache/com.unity.visualscripting@1.7.6/Editor/VisualScripting.Core/Dependencies/DotNetZip/Unity.VisualScripting.IonicZip.dll
Native extension for iOS target not found
Native extension for Android target not found
Native extension for OSXStandalone target not found
Refreshing native plugins compatible for Editor in 0.53 ms, found 3 plugins.
Preloading 0 native plugins for Editor in 0.00 ms.
System.Exception: Error! Visual Scripting: couldn't find visual scripting package
  at Unity.VisualScripting.PackageVersionUtility.get_version () [0x00043] in /Users/airewatterson/Documents/GitHub/Padko_Survivers_Mobile/Library/PackageCache/com.unity.visualscripting@1.7.6/Editor/VisualScripting.Core/Utilities/PackageVersionUtility.cs:31 
  at Unity.VisualScripting.BoltCoreManifest.get_version () [0x00000] in /Users/airewatterson/Documents/GitHub/Padko_Survivers_Mobile/Library/PackageCache/com.unity.visualscripting@1.7.6/Editor/VisualScripting.Core/Plugin/BoltCoreManifest.cs:11 
  at Unity.VisualScripting.PluginManifest.get_currentVersion () [0x00000] in /Users/airewatterson/Documents/GitHub/Padko_Survivers_Mobile/Library/PackageCache/com.unity.visualscripting@1.7.6/Editor/VisualScripting.Core/Plugins/PluginManifest.cs:33 
  at Unity.VisualScripting.PluginManifest.get_versionMismatch () [0x00000] in /Users/airewatterson/Documents/GitHub/Padko_Survivers_Mobile/Library/PackageCache/com.unity.visualscripting@1.7.6/Editor/VisualScripting.Core/Plugins/PluginManifest.cs:48 
  at Unity.VisualScripting.PluginContainer.Initialize () [0x00525] in /Users/airewatterson/Documents/GitHub/Padko_Survivers_Mobile/Library/PackageCache/com.unity.visualscripting@1.7.6/Editor/VisualScripting.Core/Plugins/PluginContainer.cs:208 
  at Unity.VisualScripting.PluginContainer.InitializeOnLoad () [0x00009] in /Users/airewatterson/Documents/GitHub/Padko_Survivers_Mobile/Library/PackageCache/com.unity.visualscripting@1.7.6/Editor/VisualScripting.Core/Plugins/PluginContainer.cs:32 
  at Unity.VisualScripting.VSUsageUtility.DoInitializeOnLoadCalls () [0x00034] in /Users/airewatterson/Documents/GitHub/Padko_Survivers_Mobile/Library/PackageCache/com.unity.visualscripting@1.7.6/Editor/VisualScripting.Core/Utilities/VSUsageUtility.cs:76 
  at Unity.VisualScripting.VSUsageUtility.set_isVisualScriptingUsed (System.Boolean value) [0x0002c] in /Users/airewatterson/Documents/GitHub/Padko_Survivers_Mobile/Library/PackageCache/com.unity.visualscripting@1.7.6/Editor/VisualScripting.Core/Utilities/VSUsageUtility.cs:114 
  at Unity.VisualScripting.VSUsageUtility.CheckAndSetIsVisualScriptingUsed () [0x0000d] in /Users/airewatterson/Documents/GitHub/Padko_Survivers_Mobile/Library/PackageCache/com.unity.visualscripting@1.7.6/Editor/VisualScripting.Core/Utilities/VSUsageUtility.cs:33 
  at Unity.VisualScripting.VSUsageUtility..cctor () [0x00000] in /Users/airewatterson/Documents/GitHub/Padko_Survivers_Mobile/Library/PackageCache/com.unity.visualscripting@1.7.6/Editor/VisualScripting.Core/Utilities/VSUsageUtility.cs:22 
 #0 GetStacktrace(int)
 #1 DebugStringToFile(DebugStringToFileData const&)
 #2 DebugLogHandler_CUSTOM_Internal_Log(LogType, LogOption, ScriptingBackendNativeStringPtrOpaque*, ScriptingBackendNativeObjectPtrOpaque*)
 #3  (Mono JIT Code) (wrapper managed-to-native) UnityEngine.DebugLogHandler:Internal_Log (UnityEngine.LogType,UnityEngine.LogOption,string,UnityEngine.Object)
 #4  (Mono JIT Code) [DebugLogHandler.cs:10] UnityEngine.DebugLogHandler:LogFormat (UnityEngine.LogType,UnityEngine.Object,string,object[])
 #5  (Mono JIT Code) [Logger.cs:61] UnityEngine.Logger:Log (UnityEngine.LogType,object)
 #6  (Mono JIT Code) [Debug.bindings.cs:130] UnityEngine.Debug:LogError (object)
 #7  (Mono JIT Code) [EditorAssemblies.cs:131] UnityEditor.EditorAssemblies:ProcessInitializeOnLoadAttributes (System.Type[])
 #8  (Mono JIT Code) (wrapper runtime-invoke) <Module>:runtime_invoke_void_object (object,intptr,intptr,intptr)
 #9 mono_jit_runtime_invoke
 #10 do_runtime_invoke
 #11 mono_runtime_invoke
 #12 scripting_method_invoke(ScriptingMethodPtr, ScriptingObjectPtr, ScriptingArguments&, ScriptingExceptionPtr*, bool)
 #13 ScriptingInvocation::Invoke(ScriptingExceptionPtr*, bool)
 #14 Scripting::UnityEditor::EditorAssembliesProxy::ProcessInitializeOnLoadAttributes(ScriptingArrayPtr, ScriptingExceptionPtr*)
 #15 MonoManager::SetupLoadedEditorAssemblies(dynamic_array<int, 0ul> const&)
 #16 MonoManager::EndReloadAssembly(DomainReloadingData&, dynamic_bitset)
 #17 MonoManager::ReloadAssembly()
 #18 LoadDomainAndUserAssemblies()
 #19 LoadUserAssemblies()
 #20 AssetImportWorkerClient::ReloadMonoDomain(AssetResolver&)
 #21 invocation function for block in AssetImportWorkerClient::HandleMessage(PrepareMessage const&)::$_8::operator()() const
 #22 _dispatch_client_callout
 #23 _dispatch_async_and_wait_invoke
 #24 _dispatch_client_callout
 #25 _dispatch_main_queue_drain
 #26 _dispatch_main_queue_callback_4CF
 #27 __CFRUNLOOP_IS_SERVICING_THE_MAIN_DISPATCH_QUEUE__
 #28 __CFRunLoopRun
 #29 CFRunLoopRunSpecific
 #30 RunCurrentEventLoopInMode
 #31 ReceiveNextEventCommon
 #32 _BlockUntilNextEventMatchingListInModeWithFilter
 #33 _DPSNextEvent
 #34 -[NSApplication(NSEvent) _nextEventMatchingEventMask:untilDate:inMode:dequeue:]
 #35 -[NSApplication run]
 #36 NSApplicationMain
 #37 EditorMain(int, char const**)
 #38 main
 #39 ???

Mono: successfully reloaded assembly
- Completed reload, in  0.947 seconds
Domain Reload Profiling:
	ReloadAssembly (947ms)
		BeginReloadAssembly (120ms)
			ExecutionOrderSort (0ms)
			DisableScriptedObjects (9ms)
			BackupInstance (0ms)
			ReleaseScriptingObjects (0ms)
			CreateAndSetChildDomain (48ms)
		EndReloadAssembly (764ms)
			LoadAssemblies (56ms)
			RebuildTransferFunctionScriptingTraits (0ms)
			SetupTypeCache (167ms)
			ReleaseScriptCaches (1ms)
			RebuildScriptCaches (35ms)
			SetupLoadedEditorAssemblies (370ms)
				LogAssemblyErrors (0ms)
				InitializePlatformSupportModulesInManaged (18ms)
				SetLoadedEditorAssemblies (0ms)
				RefreshPlugins (1ms)
				BeforeProcessingInitializeOnLoad (46ms)
				ProcessInitializeOnLoadAttributes (286ms)
				ProcessInitializeOnLoadMethodAttributes (18ms)
				AfterProcessingInitializeOnLoad (1ms)
				EditorAssembliesLoaded (0ms)
			ExecutionOrderSort2 (0ms)
			AwakeInstancesAfterBackupRestoration (4ms)
Platform modules already initialized, skipping
Refreshing native plugins compatible for Editor in 1.29 ms, found 3 plugins.
Preloading 0 native plugins for Editor in 0.00 ms.
Unloading 4555 Unused Serialized files (Serialized files now loaded: 1)
Unloading 50 unused Assets / (0.7 MB). Loaded Objects now: 5021.
Memory consumption went from 297.8 MB to 297.1 MB.
Total: 8.936458 ms (FindLiveObjects: 0.140791 ms CreateObjectMapping: 0.056000 ms MarkObjects: 8.512500 ms  DeleteObjects: 0.226417 ms)

AssetImportParameters requested are different than current active one (requested -> active):
  custom:video-decoder-ogg-theora: a1e56fd34408186e4bbccfd4996cb3dc -> 
  custom:container-muxer-webm: aa71ff27fc2769a1b78a27578f13a17b -> 
  custom:container-demuxer-webm: 4f35f7cbe854078d1ac9338744f61a02 -> 
  custom:video-encoder-webm-vp8: eb34c28f22e8b96e1ab97ce403110664 -> 
  custom:framework-osx-AVFoundation: e770b220cccbd017edd2c1fefb359320 -> 
  custom:audio-encoder-webm-vorbis: bf7c407c2cedff20999df2af8eb42d56 -> 
  custom:container-demuxer-ogg: 62fdf1f143b41e24485cea50d1cbac27 -> 
  custom:video-decoder-webm-vp8: 9c59270c3fd7afecdb556c50c9e8de78 -> 
  custom:audio-decoder-ogg-vorbis: bf7c407c2cedff20999df2af8eb42d56 -> 
AssetImportWorkerClient::OnTransportError - code=2 error=End of file
