Unity Editor version:    2021.3.0f1 (6eacc8284459)
Branch:                  2021.3/staging
Build type:              Release
Batch mode:              YES
macOS version:           Version 12.4 (Build 21F5063e)
Darwin version:          21.5.0
Architecture:            arm64
Running under Rosetta:   NO
Available memory:        16384 MB
Using pre-set license
Pro License: YES

COMMAND LINE ARGUMENTS:
/Applications/Unity/Hub/Editor/2021.3.0f1/Unity.app/Contents/MacOS/Unity
-adb2
-batchMode
-noUpm
-name
AssetImportWorker0
-projectPath
/Users/airewatterson/Documents/GitHub/Padko_Survivers_Mobile
-logFile
Logs/AssetImportWorker0.log
-srvPort
59279
Successfully changed project path to: /Users/airewatterson/Documents/GitHub/Padko_Survivers_Mobile
/Users/airewatterson/Documents/GitHub/Padko_Survivers_Mobile
[UnityMemory] Configuration Parameters - Can be set up in boot.config
    "memorysetup-bucket-allocator-granularity=16"
    "memorysetup-bucket-allocator-bucket-count=8"
    "memorysetup-bucket-allocator-block-size=33554432"
    "memorysetup-bucket-allocator-block-count=8"
    "memorysetup-main-allocator-block-size=16777216"
    "memorysetup-thread-allocator-block-size=16777216"
    "memorysetup-gfx-main-allocator-block-size=16777216"
    "memorysetup-gfx-thread-allocator-block-size=16777216"
    "memorysetup-cache-allocator-block-size=4194304"
    "memorysetup-typetree-allocator-block-size=2097152"
    "memorysetup-profiler-bucket-allocator-granularity=16"
    "memorysetup-profiler-bucket-allocator-bucket-count=8"
    "memorysetup-profiler-bucket-allocator-block-size=33554432"
    "memorysetup-profiler-bucket-allocator-block-count=8"
    "memorysetup-profiler-allocator-block-size=16777216"
    "memorysetup-profiler-editor-allocator-block-size=1048576"
    "memorysetup-temp-allocator-size-main=16777216"
    "memorysetup-job-temp-allocator-block-size=2097152"
    "memorysetup-job-temp-allocator-block-size-background=1048576"
    "memorysetup-job-temp-allocator-reduction-small-platforms=262144"
    "memorysetup-temp-allocator-size-background-worker=32768"
    "memorysetup-temp-allocator-size-job-worker=262144"
    "memorysetup-temp-allocator-size-preload-manager=33554432"
    "memorysetup-temp-allocator-size-nav-mesh-worker=65536"
    "memorysetup-temp-allocator-size-audio-worker=65536"
    "memorysetup-temp-allocator-size-cloud-worker=32768"
    "memorysetup-temp-allocator-size-gi-baking-worker=262144"
    "memorysetup-temp-allocator-size-gfx=262144"
Refreshing native plugins compatible for Editor in 88.16 ms, found 3 plugins.
Preloading 0 native plugins for Editor in 0.00 ms.
Initialize engine version: 2021.3.0f1 (6eacc8284459)
[Subsystems] Discovering subsystems at path /Applications/Unity/Hub/Editor/2021.3.0f1/Unity.app/Contents/Resources/UnitySubsystems
[Subsystems] Discovering subsystems at path /Users/airewatterson/Documents/GitHub/Padko_Survivers_Mobile/Assets
GfxDevice: creating device client; threaded=0; jobified=0
 preferred device: Apple M1 Pro (high power)
Metal devices available: 1
0: Apple M1 Pro (high power)
Using device Apple M1 Pro (high power)
Initializing Metal device caps: Apple M1 Pro
Initialize mono
Mono path[0] = '/Applications/Unity/Hub/Editor/2021.3.0f1/Unity.app/Contents/Managed'
Mono path[1] = '/Applications/Unity/Hub/Editor/2021.3.0f1/Unity.app/Contents/MonoBleedingEdge/lib/mono/unityjit-macos'
Mono config path = '/Applications/Unity/Hub/Editor/2021.3.0f1/Unity.app/Contents/MonoBleedingEdge/etc'
Using monoOptions --debugger-agent=transport=dt_socket,embedding=1,server=y,suspend=n,address=127.0.0.1:56089
Begin MonoManager ReloadAssembly
Registering precompiled unity dll's ...
Register platform support module: /Applications/Unity/Hub/Editor/2021.3.0f1/Unity.app/Contents/PlaybackEngines/MacStandaloneSupport/UnityEditor.OSXStandalone.Extensions.dll
Register platform support module: /Applications/Unity/Hub/Editor/2021.3.0f1/PlaybackEngines/AndroidPlayer/UnityEditor.Android.Extensions.dll
Register platform support module: /Applications/Unity/Hub/Editor/2021.3.0f1/PlaybackEngines/iOSSupport/UnityEditor.iOS.Extensions.dll
Registered in 0.001624 seconds.
[usbmuxd] Start listen thread
[usbmuxd] Listen thread started
[usbmuxd] Send listen message
Native extension for iOS target not found
Native extension for Android target not found
Native extension for OSXStandalone target not found
Refreshing native plugins compatible for Editor in 95.22 ms, found 3 plugins.
Preloading 0 native plugins for Editor in 0.00 ms.
Mono: successfully reloaded assembly
- Completed reload, in  0.509 seconds
Domain Reload Profiling:
	ReloadAssembly (509ms)
		BeginReloadAssembly (68ms)
			ExecutionOrderSort (0ms)
			DisableScriptedObjects (0ms)
			BackupInstance (0ms)
			ReleaseScriptingObjects (0ms)
			CreateAndSetChildDomain (0ms)
		EndReloadAssembly (370ms)
			LoadAssemblies (69ms)
			RebuildTransferFunctionScriptingTraits (0ms)
			SetupTypeCache (73ms)
			ReleaseScriptCaches (0ms)
			RebuildScriptCaches (20ms)
			SetupLoadedEditorAssemblies (246ms)
				LogAssemblyErrors (0ms)
				InitializePlatformSupportModulesInManaged (59ms)
				SetLoadedEditorAssemblies (0ms)
				RefreshPlugins (95ms)
				BeforeProcessingInitializeOnLoad (1ms)
				ProcessInitializeOnLoadAttributes (63ms)
				ProcessInitializeOnLoadMethodAttributes (28ms)
				AfterProcessingInitializeOnLoad (0ms)
				EditorAssembliesLoaded (0ms)
			ExecutionOrderSort2 (0ms)
			AwakeInstancesAfterBackupRestoration (0ms)
Platform modules already initialized, skipping
Registering precompiled user dll's ...
Registered in 0.001334 seconds.
Begin MonoManager ReloadAssembly
Symbol file LoadedFromMemory doesn't match image /Users/airewatterson/Documents/GitHub/Padko_Survivers_Mobile/Library/PackageCache/com.unity.visualscripting@1.7.6/Editor/VisualScripting.Core/Dependencies/YamlDotNet/Unity.VisualScripting.YamlDotNet.dll
Symbol file LoadedFromMemory is not a mono symbol file
Symbol file LoadedFromMemory doesn't match image /Users/airewatterson/Documents/GitHub/Padko_Survivers_Mobile/Library/PackageCache/com.unity.visualscripting@1.7.6/Editor/VisualScripting.Core/Dependencies/DotNetZip/Unity.VisualScripting.IonicZip.dll
Native extension for iOS target not found
Native extension for Android target not found
Native extension for OSXStandalone target not found
Refreshing native plugins compatible for Editor in 91.94 ms, found 3 plugins.
Preloading 0 native plugins for Editor in 0.00 ms.
System.Exception: Error! Visual Scripting: couldn't find visual scripting package
  at Unity.VisualScripting.PackageVersionUtility.get_version () [0x00043] in /Users/airewatterson/Documents/GitHub/Padko_Survivers_Mobile/Library/PackageCache/com.unity.visualscripting@1.7.6/Editor/VisualScripting.Core/Utilities/PackageVersionUtility.cs:31 
  at Unity.VisualScripting.BoltCoreManifest.get_version () [0x00000] in /Users/airewatterson/Documents/GitHub/Padko_Survivers_Mobile/Library/PackageCache/com.unity.visualscripting@1.7.6/Editor/VisualScripting.Core/Plugin/BoltCoreManifest.cs:11 
  at Unity.VisualScripting.PluginManifest.get_currentVersion () [0x00000] in /Users/airewatterson/Documents/GitHub/Padko_Survivers_Mobile/Library/PackageCache/com.unity.visualscripting@1.7.6/Editor/VisualScripting.Core/Plugins/PluginManifest.cs:33 
  at Unity.VisualScripting.PluginManifest.get_versionMismatch () [0x00000] in /Users/airewatterson/Documents/GitHub/Padko_Survivers_Mobile/Library/PackageCache/com.unity.visualscripting@1.7.6/Editor/VisualScripting.Core/Plugins/PluginManifest.cs:48 
  at Unity.VisualScripting.PluginContainer.Initialize () [0x00525] in /Users/airewatterson/Documents/GitHub/Padko_Survivers_Mobile/Library/PackageCache/com.unity.visualscripting@1.7.6/Editor/VisualScripting.Core/Plugins/PluginContainer.cs:208 
  at Unity.VisualScripting.PluginContainer.InitializeOnLoad () [0x00009] in /Users/airewatterson/Documents/GitHub/Padko_Survivers_Mobile/Library/PackageCache/com.unity.visualscripting@1.7.6/Editor/VisualScripting.Core/Plugins/PluginContainer.cs:32 
  at Unity.VisualScripting.VSUsageUtility.DoInitializeOnLoadCalls () [0x00034] in /Users/airewatterson/Documents/GitHub/Padko_Survivers_Mobile/Library/PackageCache/com.unity.visualscripting@1.7.6/Editor/VisualScripting.Core/Utilities/VSUsageUtility.cs:76 
  at Unity.VisualScripting.VSUsageUtility.set_isVisualScriptingUsed (System.Boolean value) [0x0002c] in /Users/airewatterson/Documents/GitHub/Padko_Survivers_Mobile/Library/PackageCache/com.unity.visualscripting@1.7.6/Editor/VisualScripting.Core/Utilities/VSUsageUtility.cs:114 
  at Unity.VisualScripting.VSUsageUtility.CheckAndSetIsVisualScriptingUsed () [0x00032] in /Users/airewatterson/Documents/GitHub/Padko_Survivers_Mobile/Library/PackageCache/com.unity.visualscripting@1.7.6/Editor/VisualScripting.Core/Utilities/VSUsageUtility.cs:48 
  at Unity.VisualScripting.VSUsageUtility..cctor () [0x00000] in /Users/airewatterson/Documents/GitHub/Padko_Survivers_Mobile/Library/PackageCache/com.unity.visualscripting@1.7.6/Editor/VisualScripting.Core/Utilities/VSUsageUtility.cs:22 
 #0 GetStacktrace(int)
 #1 DebugStringToFile(DebugStringToFileData const&)
 #2 DebugLogHandler_CUSTOM_Internal_Log(LogType, LogOption, ScriptingBackendNativeStringPtrOpaque*, ScriptingBackendNativeObjectPtrOpaque*)
 #3  (Mono JIT Code) (wrapper managed-to-native) UnityEngine.DebugLogHandler:Internal_Log (UnityEngine.LogType,UnityEngine.LogOption,string,UnityEngine.Object)
 #4  (Mono JIT Code) [DebugLogHandler.cs:10] UnityEngine.DebugLogHandler:LogFormat (UnityEngine.LogType,UnityEngine.Object,string,object[])
 #5  (Mono JIT Code) [Logger.cs:61] UnityEngine.Logger:Log (UnityEngine.LogType,object)
 #6  (Mono JIT Code) [Debug.bindings.cs:130] UnityEngine.Debug:LogError (object)
 #7  (Mono JIT Code) [EditorAssemblies.cs:131] UnityEditor.EditorAssemblies:ProcessInitializeOnLoadAttributes (System.Type[])
 #8  (Mono JIT Code) (wrapper runtime-invoke) <Module>:runtime_invoke_void_object (object,intptr,intptr,intptr)
 #9 mono_jit_runtime_invoke
 #10 do_runtime_invoke
 #11 mono_runtime_invoke
 #12 scripting_method_invoke(ScriptingMethodPtr, ScriptingObjectPtr, ScriptingArguments&, ScriptingExceptionPtr*, bool)
 #13 ScriptingInvocation::Invoke(ScriptingExceptionPtr*, bool)
 #14 Scripting::UnityEditor::EditorAssembliesProxy::ProcessInitializeOnLoadAttributes(ScriptingArrayPtr, ScriptingExceptionPtr*)
 #15 MonoManager::SetupLoadedEditorAssemblies(dynamic_array<int, 0ul> const&)
 #16 MonoManager::EndReloadAssembly(DomainReloadingData&, dynamic_bitset)
 #17 MonoManager::ReloadAssembly()
 #18 LoadDomainAndUserAssemblies()
 #19 LoadUserAssemblies()
 #20 Application::InitializeProject()
 #21 -[EditorApplication applicationDidFinishLaunching:]
 #22 __CFNOTIFICATIONCENTER_IS_CALLING_OUT_TO_AN_OBSERVER__
 #23 ___CFXRegistrationPost_block_invoke
 #24 _CFXRegistrationPost
 #25 _CFXNotificationPost
 #26 -[NSNotificationCenter postNotificationName:object:userInfo:]
 #27 -[NSApplication _postDidFinishNotification]
 #28 -[NSApplication _sendFinishLaunchingNotification]
 #29 -[NSApplication(NSAppleEventHandling) _handleAEOpenEvent:]
 #30 -[NSApplication(NSAppleEventHandling) _handleCoreEvent:withReplyEvent:]
 #31 -[NSAppleEventManager dispatchRawAppleEvent:withRawReply:handlerRefCon:]
 #32 _NSAppleEventManagerGenericHandler
 #33 _AppleEventsCheckInAppWithBlock
 #34 _AppleEventsCheckInAppWithBlock
 #35 aeProcessAppleEvent
 #36 AEProcessAppleEvent
 #37 _DPSNextEvent
 #38 -[NSApplication(NSEvent) _nextEventMatchingEventMask:untilDate:inMode:dequeue:]
 #39 -[NSApplication run]
 #40 NSApplicationMain
 #41 EditorMain(int, char const**)
 #42 main
 #43 ???

Mono: successfully reloaded assembly
- Completed reload, in  1.042 seconds
Domain Reload Profiling:
	ReloadAssembly (1042ms)
		BeginReloadAssembly (66ms)
			ExecutionOrderSort (0ms)
			DisableScriptedObjects (3ms)
			BackupInstance (0ms)
			ReleaseScriptingObjects (0ms)
			CreateAndSetChildDomain (17ms)
		EndReloadAssembly (914ms)
			LoadAssemblies (82ms)
			RebuildTransferFunctionScriptingTraits (0ms)
			SetupTypeCache (160ms)
			ReleaseScriptCaches (0ms)
			RebuildScriptCaches (44ms)
			SetupLoadedEditorAssemblies (599ms)
				LogAssemblyErrors (0ms)
				InitializePlatformSupportModulesInManaged (18ms)
				SetLoadedEditorAssemblies (0ms)
				RefreshPlugins (92ms)
				BeforeProcessingInitializeOnLoad (68ms)
				ProcessInitializeOnLoadAttributes (396ms)
				ProcessInitializeOnLoadMethodAttributes (24ms)
				AfterProcessingInitializeOnLoad (1ms)
				EditorAssembliesLoaded (0ms)
			ExecutionOrderSort2 (0ms)
			AwakeInstancesAfterBackupRestoration (2ms)
Platform modules already initialized, skipping
========================================================================
Worker process is ready to serve import requests
Launching external process: /Applications/Unity/Hub/Editor/2021.3.0f1/Unity.app/Contents/Tools/UnityShaderCompiler
Launched and connected shader compiler UnityShaderCompiler after 0.05 seconds
Refreshing native plugins compatible for Editor in 0.52 ms, found 3 plugins.
Preloading 0 native plugins for Editor in 0.00 ms.
Unloading 4567 Unused Serialized files (Serialized files now loaded: 1)
Unloading 64 unused Assets / (116.4 KB). Loaded Objects now: 5018.
Memory consumption went from 298.5 MB to 298.4 MB.
Total: 9.279167 ms (FindLiveObjects: 0.169250 ms CreateObjectMapping: 0.056041 ms MarkObjects: 8.950834 ms  DeleteObjects: 0.102000 ms)

AssetImportParameters requested are different than current active one (requested -> active):
  custom:video-decoder-ogg-theora: a1e56fd34408186e4bbccfd4996cb3dc -> 
  custom:container-muxer-webm: aa71ff27fc2769a1b78a27578f13a17b -> 
  custom:container-demuxer-webm: 4f35f7cbe854078d1ac9338744f61a02 -> 
  custom:video-encoder-webm-vp8: eb34c28f22e8b96e1ab97ce403110664 -> 
  custom:framework-osx-AVFoundation: e770b220cccbd017edd2c1fefb359320 -> 
  custom:audio-encoder-webm-vorbis: bf7c407c2cedff20999df2af8eb42d56 -> 
  custom:container-demuxer-ogg: 62fdf1f143b41e24485cea50d1cbac27 -> 
  custom:video-decoder-webm-vp8: 9c59270c3fd7afecdb556c50c9e8de78 -> 
  custom:audio-decoder-ogg-vorbis: bf7c407c2cedff20999df2af8eb42d56 -> 
========================================================================
Received Import Request.
  Time since last request: 119182.743574 seconds.
  path: Assets/Assets/PressStart2P-Regular SDF.asset
  artifactKey: Guid(d6d4ea5fe3e57492aa1f757ed987d8fd) Importer(815301076,1909f56bfc062723c751e8b465ee728b)
Start importing Assets/Assets/PressStart2P-Regular SDF.asset using Guid(d6d4ea5fe3e57492aa1f757ed987d8fd) Importer(815301076,1909f56bfc062723c751e8b465ee728b)  -> (artifact id: '9fcc0cc4dbb5216200a2b81b5360add1') in 0.176090 seconds 
========================================================================
Received Import Request.
  Time since last request: 47.215825 seconds.
  path: Assets/Assets/PressStart2P-Regular SDF.asset
  artifactKey: Guid(d6d4ea5fe3e57492aa1f757ed987d8fd) Importer(815301076,1909f56bfc062723c751e8b465ee728b)
Start importing Assets/Assets/PressStart2P-Regular SDF.asset using Guid(d6d4ea5fe3e57492aa1f757ed987d8fd) Importer(815301076,1909f56bfc062723c751e8b465ee728b)  -> (artifact id: 'e7373ddf7c34fe06fbd1c5d558b70e6c') in 0.025681 seconds 
========================================================================
Received Import Request.
  Time since last request: 3315.142989 seconds.
  path: Assets/Scripts/General/Timer.cs
  artifactKey: Guid(5e3c7db134d5946eb84b37f623ffd08c) Importer(815301076,1909f56bfc062723c751e8b465ee728b)
Start importing Assets/Scripts/General/Timer.cs using Guid(5e3c7db134d5946eb84b37f623ffd08c) Importer(815301076,1909f56bfc062723c751e8b465ee728b)  -> (artifact id: '8d5291eb3053fbc66d7f6753081209e1') in 0.089803 seconds 
========================================================================
Received Prepare
Registering precompiled user dll's ...
Registered in 0.001463 seconds.
Begin MonoManager ReloadAssembly
Thread 0x2917c3000 may have been prematurely finalized
Symbol file LoadedFromMemory doesn't match image /Users/airewatterson/Documents/GitHub/Padko_Survivers_Mobile/Library/PackageCache/com.unity.visualscripting@1.7.6/Editor/VisualScripting.Core/Dependencies/YamlDotNet/Unity.VisualScripting.YamlDotNet.dll
Symbol file LoadedFromMemory is not a mono symbol file
Symbol file LoadedFromMemory doesn't match image /Users/airewatterson/Documents/GitHub/Padko_Survivers_Mobile/Library/PackageCache/com.unity.visualscripting@1.7.6/Editor/VisualScripting.Core/Dependencies/DotNetZip/Unity.VisualScripting.IonicZip.dll
Native extension for iOS target not found
Native extension for Android target not found
Native extension for OSXStandalone target not found
Refreshing native plugins compatible for Editor in 0.60 ms, found 3 plugins.
Preloading 0 native plugins for Editor in 0.00 ms.
System.Exception: Error! Visual Scripting: couldn't find visual scripting package
  at Unity.VisualScripting.PackageVersionUtility.get_version () [0x00043] in /Users/airewatterson/Documents/GitHub/Padko_Survivers_Mobile/Library/PackageCache/com.unity.visualscripting@1.7.6/Editor/VisualScripting.Core/Utilities/PackageVersionUtility.cs:31 
  at Unity.VisualScripting.BoltCoreManifest.get_version () [0x00000] in /Users/airewatterson/Documents/GitHub/Padko_Survivers_Mobile/Library/PackageCache/com.unity.visualscripting@1.7.6/Editor/VisualScripting.Core/Plugin/BoltCoreManifest.cs:11 
  at Unity.VisualScripting.PluginManifest.get_currentVersion () [0x00000] in /Users/airewatterson/Documents/GitHub/Padko_Survivers_Mobile/Library/PackageCache/com.unity.visualscripting@1.7.6/Editor/VisualScripting.Core/Plugins/PluginManifest.cs:33 
  at Unity.VisualScripting.PluginManifest.get_versionMismatch () [0x00000] in /Users/airewatterson/Documents/GitHub/Padko_Survivers_Mobile/Library/PackageCache/com.unity.visualscripting@1.7.6/Editor/VisualScripting.Core/Plugins/PluginManifest.cs:48 
  at Unity.VisualScripting.PluginContainer.Initialize () [0x00525] in /Users/airewatterson/Documents/GitHub/Padko_Survivers_Mobile/Library/PackageCache/com.unity.visualscripting@1.7.6/Editor/VisualScripting.Core/Plugins/PluginContainer.cs:208 
  at Unity.VisualScripting.PluginContainer.InitializeOnLoad () [0x00009] in /Users/airewatterson/Documents/GitHub/Padko_Survivers_Mobile/Library/PackageCache/com.unity.visualscripting@1.7.6/Editor/VisualScripting.Core/Plugins/PluginContainer.cs:32 
  at Unity.VisualScripting.VSUsageUtility.DoInitializeOnLoadCalls () [0x00034] in /Users/airewatterson/Documents/GitHub/Padko_Survivers_Mobile/Library/PackageCache/com.unity.visualscripting@1.7.6/Editor/VisualScripting.Core/Utilities/VSUsageUtility.cs:76 
  at Unity.VisualScripting.VSUsageUtility.set_isVisualScriptingUsed (System.Boolean value) [0x0002c] in /Users/airewatterson/Documents/GitHub/Padko_Survivers_Mobile/Library/PackageCache/com.unity.visualscripting@1.7.6/Editor/VisualScripting.Core/Utilities/VSUsageUtility.cs:114 
  at Unity.VisualScripting.VSUsageUtility.CheckAndSetIsVisualScriptingUsed () [0x0000d] in /Users/airewatterson/Documents/GitHub/Padko_Survivers_Mobile/Library/PackageCache/com.unity.visualscripting@1.7.6/Editor/VisualScripting.Core/Utilities/VSUsageUtility.cs:33 
  at Unity.VisualScripting.VSUsageUtility..cctor () [0x00000] in /Users/airewatterson/Documents/GitHub/Padko_Survivers_Mobile/Library/PackageCache/com.unity.visualscripting@1.7.6/Editor/VisualScripting.Core/Utilities/VSUsageUtility.cs:22 
 #0 GetStacktrace(int)
 #1 DebugStringToFile(DebugStringToFileData const&)
 #2 DebugLogHandler_CUSTOM_Internal_Log(LogType, LogOption, ScriptingBackendNativeStringPtrOpaque*, ScriptingBackendNativeObjectPtrOpaque*)
 #3  (Mono JIT Code) (wrapper managed-to-native) UnityEngine.DebugLogHandler:Internal_Log (UnityEngine.LogType,UnityEngine.LogOption,string,UnityEngine.Object)
 #4  (Mono JIT Code) [DebugLogHandler.cs:10] UnityEngine.DebugLogHandler:LogFormat (UnityEngine.LogType,UnityEngine.Object,string,object[])
 #5  (Mono JIT Code) [Logger.cs:61] UnityEngine.Logger:Log (UnityEngine.LogType,object)
 #6  (Mono JIT Code) [Debug.bindings.cs:130] UnityEngine.Debug:LogError (object)
 #7  (Mono JIT Code) [EditorAssemblies.cs:131] UnityEditor.EditorAssemblies:ProcessInitializeOnLoadAttributes (System.Type[])
 #8  (Mono JIT Code) (wrapper runtime-invoke) <Module>:runtime_invoke_void_object (object,intptr,intptr,intptr)
 #9 mono_jit_runtime_invoke
 #10 do_runtime_invoke
 #11 mono_runtime_invoke
 #12 scripting_method_invoke(ScriptingMethodPtr, ScriptingObjectPtr, ScriptingArguments&, ScriptingExceptionPtr*, bool)
 #13 ScriptingInvocation::Invoke(ScriptingExceptionPtr*, bool)
 #14 Scripting::UnityEditor::EditorAssembliesProxy::ProcessInitializeOnLoadAttributes(ScriptingArrayPtr, ScriptingExceptionPtr*)
 #15 MonoManager::SetupLoadedEditorAssemblies(dynamic_array<int, 0ul> const&)
 #16 MonoManager::EndReloadAssembly(DomainReloadingData&, dynamic_bitset)
 #17 MonoManager::ReloadAssembly()
 #18 LoadDomainAndUserAssemblies()
 #19 LoadUserAssemblies()
 #20 AssetImportWorkerClient::ReloadMonoDomain(AssetResolver&)
 #21 invocation function for block in AssetImportWorkerClient::HandleMessage(PrepareMessage const&)::$_8::operator()() const
 #22 _dispatch_client_callout
 #23 _dispatch_async_and_wait_invoke
 #24 _dispatch_client_callout
 #25 _dispatch_main_queue_drain
 #26 _dispatch_main_queue_callback_4CF
 #27 __CFRUNLOOP_IS_SERVICING_THE_MAIN_DISPATCH_QUEUE__
 #28 __CFRunLoopRun
 #29 CFRunLoopRunSpecific
 #30 RunCurrentEventLoopInMode
 #31 ReceiveNextEventCommon
 #32 _BlockUntilNextEventMatchingListInModeWithFilter
 #33 _DPSNextEvent
 #34 -[NSApplication(NSEvent) _nextEventMatchingEventMask:untilDate:inMode:dequeue:]
 #35 -[NSApplication run]
 #36 NSApplicationMain
 #37 EditorMain(int, char const**)
 #38 main
 #39 ???

Mono: successfully reloaded assembly
- Completed reload, in  0.961 seconds
Domain Reload Profiling:
	ReloadAssembly (964ms)
		BeginReloadAssembly (134ms)
			ExecutionOrderSort (0ms)
			DisableScriptedObjects (7ms)
			BackupInstance (0ms)
			ReleaseScriptingObjects (0ms)
			CreateAndSetChildDomain (51ms)
		EndReloadAssembly (766ms)
			LoadAssemblies (55ms)
			RebuildTransferFunctionScriptingTraits (0ms)
			SetupTypeCache (169ms)
			ReleaseScriptCaches (1ms)
			RebuildScriptCaches (34ms)
			SetupLoadedEditorAssemblies (377ms)
				LogAssemblyErrors (0ms)
				InitializePlatformSupportModulesInManaged (22ms)
				SetLoadedEditorAssemblies (0ms)
				RefreshPlugins (1ms)
				BeforeProcessingInitializeOnLoad (46ms)
				ProcessInitializeOnLoadAttributes (290ms)
				ProcessInitializeOnLoadMethodAttributes (17ms)
				AfterProcessingInitializeOnLoad (1ms)
				EditorAssembliesLoaded (0ms)
			ExecutionOrderSort2 (0ms)
			AwakeInstancesAfterBackupRestoration (3ms)
Platform modules already initialized, skipping
Refreshing native plugins compatible for Editor in 1.34 ms, found 3 plugins.
Preloading 0 native plugins for Editor in 0.00 ms.
Unloading 4541 Unused Serialized files (Serialized files now loaded: 1)
Unloading 38 unused Assets / (92.6 KB). Loaded Objects now: 5075.
Memory consumption went from 310.4 MB to 310.3 MB.
Total: 8.623916 ms (FindLiveObjects: 0.143334 ms CreateObjectMapping: 0.057916 ms MarkObjects: 8.369333 ms  DeleteObjects: 0.051667 ms)

AssetImportParameters requested are different than current active one (requested -> active):
  custom:video-decoder-ogg-theora: a1e56fd34408186e4bbccfd4996cb3dc -> 
  custom:container-muxer-webm: aa71ff27fc2769a1b78a27578f13a17b -> 
  custom:container-demuxer-webm: 4f35f7cbe854078d1ac9338744f61a02 -> 
  custom:video-encoder-webm-vp8: eb34c28f22e8b96e1ab97ce403110664 -> 
  custom:framework-osx-AVFoundation: e770b220cccbd017edd2c1fefb359320 -> 
  custom:audio-encoder-webm-vorbis: bf7c407c2cedff20999df2af8eb42d56 -> 
  custom:container-demuxer-ogg: 62fdf1f143b41e24485cea50d1cbac27 -> 
  custom:video-decoder-webm-vp8: 9c59270c3fd7afecdb556c50c9e8de78 -> 
  custom:audio-decoder-ogg-vorbis: bf7c407c2cedff20999df2af8eb42d56 -> 
========================================================================
Received Prepare
Registering precompiled user dll's ...
Registered in 0.002276 seconds.
Begin MonoManager ReloadAssembly
Thread 0x16f9a3000 may have been prematurely finalized
Symbol file LoadedFromMemory doesn't match image /Users/airewatterson/Documents/GitHub/Padko_Survivers_Mobile/Library/PackageCache/com.unity.visualscripting@1.7.6/Editor/VisualScripting.Core/Dependencies/YamlDotNet/Unity.VisualScripting.YamlDotNet.dll
Symbol file LoadedFromMemory is not a mono symbol file
Symbol file LoadedFromMemory doesn't match image /Users/airewatterson/Documents/GitHub/Padko_Survivers_Mobile/Library/PackageCache/com.unity.visualscripting@1.7.6/Editor/VisualScripting.Core/Dependencies/DotNetZip/Unity.VisualScripting.IonicZip.dll
Native extension for iOS target not found
Native extension for Android target not found
Native extension for OSXStandalone target not found
Refreshing native plugins compatible for Editor in 0.53 ms, found 3 plugins.
Preloading 0 native plugins for Editor in 0.00 ms.
System.Exception: Error! Visual Scripting: couldn't find visual scripting package
  at Unity.VisualScripting.PackageVersionUtility.get_version () [0x00043] in /Users/airewatterson/Documents/GitHub/Padko_Survivers_Mobile/Library/PackageCache/com.unity.visualscripting@1.7.6/Editor/VisualScripting.Core/Utilities/PackageVersionUtility.cs:31 
  at Unity.VisualScripting.BoltCoreManifest.get_version () [0x00000] in /Users/airewatterson/Documents/GitHub/Padko_Survivers_Mobile/Library/PackageCache/com.unity.visualscripting@1.7.6/Editor/VisualScripting.Core/Plugin/BoltCoreManifest.cs:11 
  at Unity.VisualScripting.PluginManifest.get_currentVersion () [0x00000] in /Users/airewatterson/Documents/GitHub/Padko_Survivers_Mobile/Library/PackageCache/com.unity.visualscripting@1.7.6/Editor/VisualScripting.Core/Plugins/PluginManifest.cs:33 
  at Unity.VisualScripting.PluginManifest.get_versionMismatch () [0x00000] in /Users/airewatterson/Documents/GitHub/Padko_Survivers_Mobile/Library/PackageCache/com.unity.visualscripting@1.7.6/Editor/VisualScripting.Core/Plugins/PluginManifest.cs:48 
  at Unity.VisualScripting.PluginContainer.Initialize () [0x00525] in /Users/airewatterson/Documents/GitHub/Padko_Survivers_Mobile/Library/PackageCache/com.unity.visualscripting@1.7.6/Editor/VisualScripting.Core/Plugins/PluginContainer.cs:208 
  at Unity.VisualScripting.PluginContainer.InitializeOnLoad () [0x00009] in /Users/airewatterson/Documents/GitHub/Padko_Survivers_Mobile/Library/PackageCache/com.unity.visualscripting@1.7.6/Editor/VisualScripting.Core/Plugins/PluginContainer.cs:32 
  at Unity.VisualScripting.VSUsageUtility.DoInitializeOnLoadCalls () [0x00034] in /Users/airewatterson/Documents/GitHub/Padko_Survivers_Mobile/Library/PackageCache/com.unity.visualscripting@1.7.6/Editor/VisualScripting.Core/Utilities/VSUsageUtility.cs:76 
  at Unity.VisualScripting.VSUsageUtility.set_isVisualScriptingUsed (System.Boolean value) [0x0002c] in /Users/airewatterson/Documents/GitHub/Padko_Survivers_Mobile/Library/PackageCache/com.unity.visualscripting@1.7.6/Editor/VisualScripting.Core/Utilities/VSUsageUtility.cs:114 
  at Unity.VisualScripting.VSUsageUtility.CheckAndSetIsVisualScriptingUsed () [0x0000d] in /Users/airewatterson/Documents/GitHub/Padko_Survivers_Mobile/Library/PackageCache/com.unity.visualscripting@1.7.6/Editor/VisualScripting.Core/Utilities/VSUsageUtility.cs:33 
  at Unity.VisualScripting.VSUsageUtility..cctor () [0x00000] in /Users/airewatterson/Documents/GitHub/Padko_Survivers_Mobile/Library/PackageCache/com.unity.visualscripting@1.7.6/Editor/VisualScripting.Core/Utilities/VSUsageUtility.cs:22 
 #0 GetStacktrace(int)
 #1 DebugStringToFile(DebugStringToFileData const&)
 #2 DebugLogHandler_CUSTOM_Internal_Log(LogType, LogOption, ScriptingBackendNativeStringPtrOpaque*, ScriptingBackendNativeObjectPtrOpaque*)
 #3  (Mono JIT Code) (wrapper managed-to-native) UnityEngine.DebugLogHandler:Internal_Log (UnityEngine.LogType,UnityEngine.LogOption,string,UnityEngine.Object)
 #4  (Mono JIT Code) [DebugLogHandler.cs:10] UnityEngine.DebugLogHandler:LogFormat (UnityEngine.LogType,UnityEngine.Object,string,object[])
 #5  (Mono JIT Code) [Logger.cs:61] UnityEngine.Logger:Log (UnityEngine.LogType,object)
 #6  (Mono JIT Code) [Debug.bindings.cs:130] UnityEngine.Debug:LogError (object)
 #7  (Mono JIT Code) [EditorAssemblies.cs:131] UnityEditor.EditorAssemblies:ProcessInitializeOnLoadAttributes (System.Type[])
 #8  (Mono JIT Code) (wrapper runtime-invoke) <Module>:runtime_invoke_void_object (object,intptr,intptr,intptr)
 #9 mono_jit_runtime_invoke
 #10 do_runtime_invoke
 #11 mono_runtime_invoke
 #12 scripting_method_invoke(ScriptingMethodPtr, ScriptingObjectPtr, ScriptingArguments&, ScriptingExceptionPtr*, bool)
 #13 ScriptingInvocation::Invoke(ScriptingExceptionPtr*, bool)
 #14 Scripting::UnityEditor::EditorAssembliesProxy::ProcessInitializeOnLoadAttributes(ScriptingArrayPtr, ScriptingExceptionPtr*)
 #15 MonoManager::SetupLoadedEditorAssemblies(dynamic_array<int, 0ul> const&)
 #16 MonoManager::EndReloadAssembly(DomainReloadingData&, dynamic_bitset)
 #17 MonoManager::ReloadAssembly()
 #18 LoadDomainAndUserAssemblies()
 #19 LoadUserAssemblies()
 #20 AssetImportWorkerClient::ReloadMonoDomain(AssetResolver&)
 #21 invocation function for block in AssetImportWorkerClient::HandleMessage(PrepareMessage const&)::$_8::operator()() const
 #22 _dispatch_client_callout
 #23 _dispatch_async_and_wait_invoke
 #24 _dispatch_client_callout
 #25 _dispatch_main_queue_drain
 #26 _dispatch_main_queue_callback_4CF
 #27 __CFRUNLOOP_IS_SERVICING_THE_MAIN_DISPATCH_QUEUE__
 #28 __CFRunLoopRun
 #29 CFRunLoopRunSpecific
 #30 RunCurrentEventLoopInMode
 #31 ReceiveNextEventCommon
 #32 _BlockUntilNextEventMatchingListInModeWithFilter
 #33 _DPSNextEvent
 #34 -[NSApplication(NSEvent) _nextEventMatchingEventMask:untilDate:inMode:dequeue:]
 #35 -[NSApplication run]
 #36 NSApplicationMain
 #37 EditorMain(int, char const**)
 #38 main
 #39 ???

Mono: successfully reloaded assembly
- Completed reload, in  0.975 seconds
Domain Reload Profiling:
	ReloadAssembly (976ms)
		BeginReloadAssembly (133ms)
			ExecutionOrderSort (0ms)
			DisableScriptedObjects (8ms)
			BackupInstance (0ms)
			ReleaseScriptingObjects (0ms)
			CreateAndSetChildDomain (55ms)
		EndReloadAssembly (775ms)
			LoadAssemblies (70ms)
			RebuildTransferFunctionScriptingTraits (0ms)
			SetupTypeCache (168ms)
			ReleaseScriptCaches (1ms)
			RebuildScriptCaches (35ms)
			SetupLoadedEditorAssemblies (363ms)
				LogAssemblyErrors (0ms)
				InitializePlatformSupportModulesInManaged (21ms)
				SetLoadedEditorAssemblies (0ms)
				RefreshPlugins (1ms)
				BeforeProcessingInitializeOnLoad (45ms)
				ProcessInitializeOnLoadAttributes (276ms)
				ProcessInitializeOnLoadMethodAttributes (18ms)
				AfterProcessingInitializeOnLoad (1ms)
				EditorAssembliesLoaded (0ms)
			ExecutionOrderSort2 (0ms)
			AwakeInstancesAfterBackupRestoration (4ms)
Platform modules already initialized, skipping
Refreshing native plugins compatible for Editor in 1.66 ms, found 3 plugins.
Preloading 0 native plugins for Editor in 0.00 ms.
Unloading 4542 Unused Serialized files (Serialized files now loaded: 1)
Unloading 37 unused Assets / (92.6 KB). Loaded Objects now: 5092.
Memory consumption went from 310.7 MB to 310.7 MB.
Total: 10.482417 ms (FindLiveObjects: 0.178000 ms CreateObjectMapping: 0.064417 ms MarkObjects: 9.939833 ms  DeleteObjects: 0.298875 ms)

AssetImportParameters requested are different than current active one (requested -> active):
  custom:video-decoder-ogg-theora: a1e56fd34408186e4bbccfd4996cb3dc -> 
  custom:container-muxer-webm: aa71ff27fc2769a1b78a27578f13a17b -> 
  custom:container-demuxer-webm: 4f35f7cbe854078d1ac9338744f61a02 -> 
  custom:video-encoder-webm-vp8: eb34c28f22e8b96e1ab97ce403110664 -> 
  custom:framework-osx-AVFoundation: e770b220cccbd017edd2c1fefb359320 -> 
  custom:audio-encoder-webm-vorbis: bf7c407c2cedff20999df2af8eb42d56 -> 
  custom:container-demuxer-ogg: 62fdf1f143b41e24485cea50d1cbac27 -> 
  custom:video-decoder-webm-vp8: 9c59270c3fd7afecdb556c50c9e8de78 -> 
  custom:audio-decoder-ogg-vorbis: bf7c407c2cedff20999df2af8eb42d56 -> 
========================================================================
Received Import Request.
  Time since last request: 26.726987 seconds.
  path: Assets/Scripts/General/Timer.cs
  artifactKey: Guid(5e3c7db134d5946eb84b37f623ffd08c) Importer(815301076,1909f56bfc062723c751e8b465ee728b)
Start importing Assets/Scripts/General/Timer.cs using Guid(5e3c7db134d5946eb84b37f623ffd08c) Importer(815301076,1909f56bfc062723c751e8b465ee728b)  -> (artifact id: 'e70fc54a7ad6d73907ea7966cf91ac45') in 0.033453 seconds 
========================================================================
Received Prepare
Registering precompiled user dll's ...
Registered in 0.001421 seconds.
Begin MonoManager ReloadAssembly
Thread 0x2917c3000 may have been prematurely finalized
Symbol file LoadedFromMemory doesn't match image /Users/airewatterson/Documents/GitHub/Padko_Survivers_Mobile/Library/PackageCache/com.unity.visualscripting@1.7.6/Editor/VisualScripting.Core/Dependencies/YamlDotNet/Unity.VisualScripting.YamlDotNet.dll
Symbol file LoadedFromMemory is not a mono symbol file
Symbol file LoadedFromMemory doesn't match image /Users/airewatterson/Documents/GitHub/Padko_Survivers_Mobile/Library/PackageCache/com.unity.visualscripting@1.7.6/Editor/VisualScripting.Core/Dependencies/DotNetZip/Unity.VisualScripting.IonicZip.dll
Native extension for iOS target not found
Native extension for Android target not found
Native extension for OSXStandalone target not found
Refreshing native plugins compatible for Editor in 0.61 ms, found 3 plugins.
Preloading 0 native plugins for Editor in 0.00 ms.
System.Exception: Error! Visual Scripting: couldn't find visual scripting package
  at Unity.VisualScripting.PackageVersionUtility.get_version () [0x00043] in /Users/airewatterson/Documents/GitHub/Padko_Survivers_Mobile/Library/PackageCache/com.unity.visualscripting@1.7.6/Editor/VisualScripting.Core/Utilities/PackageVersionUtility.cs:31 
  at Unity.VisualScripting.BoltCoreManifest.get_version () [0x00000] in /Users/airewatterson/Documents/GitHub/Padko_Survivers_Mobile/Library/PackageCache/com.unity.visualscripting@1.7.6/Editor/VisualScripting.Core/Plugin/BoltCoreManifest.cs:11 
  at Unity.VisualScripting.PluginManifest.get_currentVersion () [0x00000] in /Users/airewatterson/Documents/GitHub/Padko_Survivers_Mobile/Library/PackageCache/com.unity.visualscripting@1.7.6/Editor/VisualScripting.Core/Plugins/PluginManifest.cs:33 
  at Unity.VisualScripting.PluginManifest.get_versionMismatch () [0x00000] in /Users/airewatterson/Documents/GitHub/Padko_Survivers_Mobile/Library/PackageCache/com.unity.visualscripting@1.7.6/Editor/VisualScripting.Core/Plugins/PluginManifest.cs:48 
  at Unity.VisualScripting.PluginContainer.Initialize () [0x00525] in /Users/airewatterson/Documents/GitHub/Padko_Survivers_Mobile/Library/PackageCache/com.unity.visualscripting@1.7.6/Editor/VisualScripting.Core/Plugins/PluginContainer.cs:208 
  at Unity.VisualScripting.PluginContainer.InitializeOnLoad () [0x00009] in /Users/airewatterson/Documents/GitHub/Padko_Survivers_Mobile/Library/PackageCache/com.unity.visualscripting@1.7.6/Editor/VisualScripting.Core/Plugins/PluginContainer.cs:32 
  at Unity.VisualScripting.VSUsageUtility.DoInitializeOnLoadCalls () [0x00034] in /Users/airewatterson/Documents/GitHub/Padko_Survivers_Mobile/Library/PackageCache/com.unity.visualscripting@1.7.6/Editor/VisualScripting.Core/Utilities/VSUsageUtility.cs:76 
  at Unity.VisualScripting.VSUsageUtility.set_isVisualScriptingUsed (System.Boolean value) [0x0002c] in /Users/airewatterson/Documents/GitHub/Padko_Survivers_Mobile/Library/PackageCache/com.unity.visualscripting@1.7.6/Editor/VisualScripting.Core/Utilities/VSUsageUtility.cs:114 
  at Unity.VisualScripting.VSUsageUtility.CheckAndSetIsVisualScriptingUsed () [0x0000d] in /Users/airewatterson/Documents/GitHub/Padko_Survivers_Mobile/Library/PackageCache/com.unity.visualscripting@1.7.6/Editor/VisualScripting.Core/Utilities/VSUsageUtility.cs:33 
  at Unity.VisualScripting.VSUsageUtility..cctor () [0x00000] in /Users/airewatterson/Documents/GitHub/Padko_Survivers_Mobile/Library/PackageCache/com.unity.visualscripting@1.7.6/Editor/VisualScripting.Core/Utilities/VSUsageUtility.cs:22 
 #0 GetStacktrace(int)
 #1 DebugStringToFile(DebugStringToFileData const&)
 #2 DebugLogHandler_CUSTOM_Internal_Log(LogType, LogOption, ScriptingBackendNativeStringPtrOpaque*, ScriptingBackendNativeObjectPtrOpaque*)
 #3  (Mono JIT Code) (wrapper managed-to-native) UnityEngine.DebugLogHandler:Internal_Log (UnityEngine.LogType,UnityEngine.LogOption,string,UnityEngine.Object)
 #4  (Mono JIT Code) [DebugLogHandler.cs:10] UnityEngine.DebugLogHandler:LogFormat (UnityEngine.LogType,UnityEngine.Object,string,object[])
 #5  (Mono JIT Code) [Logger.cs:61] UnityEngine.Logger:Log (UnityEngine.LogType,object)
 #6  (Mono JIT Code) [Debug.bindings.cs:130] UnityEngine.Debug:LogError (object)
 #7  (Mono JIT Code) [EditorAssemblies.cs:131] UnityEditor.EditorAssemblies:ProcessInitializeOnLoadAttributes (System.Type[])
 #8  (Mono JIT Code) (wrapper runtime-invoke) <Module>:runtime_invoke_void_object (object,intptr,intptr,intptr)
 #9 mono_jit_runtime_invoke
 #10 do_runtime_invoke
 #11 mono_runtime_invoke
 #12 scripting_method_invoke(ScriptingMethodPtr, ScriptingObjectPtr, ScriptingArguments&, ScriptingExceptionPtr*, bool)
 #13 ScriptingInvocation::Invoke(ScriptingExceptionPtr*, bool)
 #14 Scripting::UnityEditor::EditorAssembliesProxy::ProcessInitializeOnLoadAttributes(ScriptingArrayPtr, ScriptingExceptionPtr*)
 #15 MonoManager::SetupLoadedEditorAssemblies(dynamic_array<int, 0ul> const&)
 #16 MonoManager::EndReloadAssembly(DomainReloadingData&, dynamic_bitset)
 #17 MonoManager::ReloadAssembly()
 #18 LoadDomainAndUserAssemblies()
 #19 LoadUserAssemblies()
 #20 AssetImportWorkerClient::ReloadMonoDomain(AssetResolver&)
 #21 invocation function for block in AssetImportWorkerClient::HandleMessage(PrepareMessage const&)::$_8::operator()() const
 #22 _dispatch_client_callout
 #23 _dispatch_async_and_wait_invoke
 #24 _dispatch_client_callout
 #25 _dispatch_main_queue_drain
 #26 _dispatch_main_queue_callback_4CF
 #27 __CFRUNLOOP_IS_SERVICING_THE_MAIN_DISPATCH_QUEUE__
 #28 __CFRunLoopRun
 #29 CFRunLoopRunSpecific
 #30 RunCurrentEventLoopInMode
 #31 ReceiveNextEventCommon
 #32 _BlockUntilNextEventMatchingListInModeWithFilter
 #33 _DPSNextEvent
 #34 -[NSApplication(NSEvent) _nextEventMatchingEventMask:untilDate:inMode:dequeue:]
 #35 -[NSApplication run]
 #36 NSApplicationMain
 #37 EditorMain(int, char const**)
 #38 main
 #39 ???

Mono: successfully reloaded assembly
- Completed reload, in  0.980 seconds
Domain Reload Profiling:
	ReloadAssembly (981ms)
		BeginReloadAssembly (131ms)
			ExecutionOrderSort (0ms)
			DisableScriptedObjects (13ms)
			BackupInstance (0ms)
			ReleaseScriptingObjects (0ms)
			CreateAndSetChildDomain (52ms)
		EndReloadAssembly (791ms)
			LoadAssemblies (76ms)
			RebuildTransferFunctionScriptingTraits (0ms)
			SetupTypeCache (166ms)
			ReleaseScriptCaches (1ms)
			RebuildScriptCaches (35ms)
			SetupLoadedEditorAssemblies (382ms)
				LogAssemblyErrors (0ms)
				InitializePlatformSupportModulesInManaged (31ms)
				SetLoadedEditorAssemblies (0ms)
				RefreshPlugins (1ms)
				BeforeProcessingInitializeOnLoad (51ms)
				ProcessInitializeOnLoadAttributes (280ms)
				ProcessInitializeOnLoadMethodAttributes (19ms)
				AfterProcessingInitializeOnLoad (1ms)
				EditorAssembliesLoaded (0ms)
			ExecutionOrderSort2 (0ms)
			AwakeInstancesAfterBackupRestoration (4ms)
Platform modules already initialized, skipping
Refreshing native plugins compatible for Editor in 2.00 ms, found 3 plugins.
Preloading 0 native plugins for Editor in 0.00 ms.
Unloading 4542 Unused Serialized files (Serialized files now loaded: 1)
Unloading 37 unused Assets / (92.6 KB). Loaded Objects now: 5108.
Memory consumption went from 311.1 MB to 311.0 MB.
Total: 8.783667 ms (FindLiveObjects: 0.162458 ms CreateObjectMapping: 0.060750 ms MarkObjects: 8.525292 ms  DeleteObjects: 0.034458 ms)

AssetImportParameters requested are different than current active one (requested -> active):
  custom:video-decoder-ogg-theora: a1e56fd34408186e4bbccfd4996cb3dc -> 
  custom:container-muxer-webm: aa71ff27fc2769a1b78a27578f13a17b -> 
  custom:container-demuxer-webm: 4f35f7cbe854078d1ac9338744f61a02 -> 
  custom:video-encoder-webm-vp8: eb34c28f22e8b96e1ab97ce403110664 -> 
  custom:framework-osx-AVFoundation: e770b220cccbd017edd2c1fefb359320 -> 
  custom:audio-encoder-webm-vorbis: bf7c407c2cedff20999df2af8eb42d56 -> 
  custom:container-demuxer-ogg: 62fdf1f143b41e24485cea50d1cbac27 -> 
  custom:video-decoder-webm-vp8: 9c59270c3fd7afecdb556c50c9e8de78 -> 
  custom:audio-decoder-ogg-vorbis: bf7c407c2cedff20999df2af8eb42d56 -> 
========================================================================
Received Prepare
Registering precompiled user dll's ...
Registered in 0.001502 seconds.
Begin MonoManager ReloadAssembly
Thread 0x2917c3000 may have been prematurely finalized
Symbol file LoadedFromMemory doesn't match image /Users/airewatterson/Documents/GitHub/Padko_Survivers_Mobile/Library/PackageCache/com.unity.visualscripting@1.7.6/Editor/VisualScripting.Core/Dependencies/YamlDotNet/Unity.VisualScripting.YamlDotNet.dll
Symbol file LoadedFromMemory is not a mono symbol file
Symbol file LoadedFromMemory doesn't match image /Users/airewatterson/Documents/GitHub/Padko_Survivers_Mobile/Library/PackageCache/com.unity.visualscripting@1.7.6/Editor/VisualScripting.Core/Dependencies/DotNetZip/Unity.VisualScripting.IonicZip.dll
Native extension for iOS target not found
Native extension for Android target not found
Native extension for OSXStandalone target not found
Refreshing native plugins compatible for Editor in 0.61 ms, found 3 plugins.
Preloading 0 native plugins for Editor in 0.00 ms.
System.Exception: Error! Visual Scripting: couldn't find visual scripting package
  at Unity.VisualScripting.PackageVersionUtility.get_version () [0x00043] in /Users/airewatterson/Documents/GitHub/Padko_Survivers_Mobile/Library/PackageCache/com.unity.visualscripting@1.7.6/Editor/VisualScripting.Core/Utilities/PackageVersionUtility.cs:31 
  at Unity.VisualScripting.BoltCoreManifest.get_version () [0x00000] in /Users/airewatterson/Documents/GitHub/Padko_Survivers_Mobile/Library/PackageCache/com.unity.visualscripting@1.7.6/Editor/VisualScripting.Core/Plugin/BoltCoreManifest.cs:11 
  at Unity.VisualScripting.PluginManifest.get_currentVersion () [0x00000] in /Users/airewatterson/Documents/GitHub/Padko_Survivers_Mobile/Library/PackageCache/com.unity.visualscripting@1.7.6/Editor/VisualScripting.Core/Plugins/PluginManifest.cs:33 
  at Unity.VisualScripting.PluginManifest.get_versionMismatch () [0x00000] in /Users/airewatterson/Documents/GitHub/Padko_Survivers_Mobile/Library/PackageCache/com.unity.visualscripting@1.7.6/Editor/VisualScripting.Core/Plugins/PluginManifest.cs:48 
  at Unity.VisualScripting.PluginContainer.Initialize () [0x00525] in /Users/airewatterson/Documents/GitHub/Padko_Survivers_Mobile/Library/PackageCache/com.unity.visualscripting@1.7.6/Editor/VisualScripting.Core/Plugins/PluginContainer.cs:208 
  at Unity.VisualScripting.PluginContainer.InitializeOnLoad () [0x00009] in /Users/airewatterson/Documents/GitHub/Padko_Survivers_Mobile/Library/PackageCache/com.unity.visualscripting@1.7.6/Editor/VisualScripting.Core/Plugins/PluginContainer.cs:32 
  at Unity.VisualScripting.VSUsageUtility.DoInitializeOnLoadCalls () [0x00034] in /Users/airewatterson/Documents/GitHub/Padko_Survivers_Mobile/Library/PackageCache/com.unity.visualscripting@1.7.6/Editor/VisualScripting.Core/Utilities/VSUsageUtility.cs:76 
  at Unity.VisualScripting.VSUsageUtility.set_isVisualScriptingUsed (System.Boolean value) [0x0002c] in /Users/airewatterson/Documents/GitHub/Padko_Survivers_Mobile/Library/PackageCache/com.unity.visualscripting@1.7.6/Editor/VisualScripting.Core/Utilities/VSUsageUtility.cs:114 
  at Unity.VisualScripting.VSUsageUtility.CheckAndSetIsVisualScriptingUsed () [0x0000d] in /Users/airewatterson/Documents/GitHub/Padko_Survivers_Mobile/Library/PackageCache/com.unity.visualscripting@1.7.6/Editor/VisualScripting.Core/Utilities/VSUsageUtility.cs:33 
  at Unity.VisualScripting.VSUsageUtility..cctor () [0x00000] in /Users/airewatterson/Documents/GitHub/Padko_Survivers_Mobile/Library/PackageCache/com.unity.visualscripting@1.7.6/Editor/VisualScripting.Core/Utilities/VSUsageUtility.cs:22 
 #0 GetStacktrace(int)
 #1 DebugStringToFile(DebugStringToFileData const&)
 #2 DebugLogHandler_CUSTOM_Internal_Log(LogType, LogOption, ScriptingBackendNativeStringPtrOpaque*, ScriptingBackendNativeObjectPtrOpaque*)
 #3  (Mono JIT Code) (wrapper managed-to-native) UnityEngine.DebugLogHandler:Internal_Log (UnityEngine.LogType,UnityEngine.LogOption,string,UnityEngine.Object)
 #4  (Mono JIT Code) [DebugLogHandler.cs:10] UnityEngine.DebugLogHandler:LogFormat (UnityEngine.LogType,UnityEngine.Object,string,object[])
 #5  (Mono JIT Code) [Logger.cs:61] UnityEngine.Logger:Log (UnityEngine.LogType,object)
 #6  (Mono JIT Code) [Debug.bindings.cs:130] UnityEngine.Debug:LogError (object)
 #7  (Mono JIT Code) [EditorAssemblies.cs:131] UnityEditor.EditorAssemblies:ProcessInitializeOnLoadAttributes (System.Type[])
 #8  (Mono JIT Code) (wrapper runtime-invoke) <Module>:runtime_invoke_void_object (object,intptr,intptr,intptr)
 #9 mono_jit_runtime_invoke
 #10 do_runtime_invoke
 #11 mono_runtime_invoke
 #12 scripting_method_invoke(ScriptingMethodPtr, ScriptingObjectPtr, ScriptingArguments&, ScriptingExceptionPtr*, bool)
 #13 ScriptingInvocation::Invoke(ScriptingExceptionPtr*, bool)
 #14 Scripting::UnityEditor::EditorAssembliesProxy::ProcessInitializeOnLoadAttributes(ScriptingArrayPtr, ScriptingExceptionPtr*)
 #15 MonoManager::SetupLoadedEditorAssemblies(dynamic_array<int, 0ul> const&)
 #16 MonoManager::EndReloadAssembly(DomainReloadingData&, dynamic_bitset)
 #17 MonoManager::ReloadAssembly()
 #18 LoadDomainAndUserAssemblies()
 #19 LoadUserAssemblies()
 #20 AssetImportWorkerClient::ReloadMonoDomain(AssetResolver&)
 #21 invocation function for block in AssetImportWorkerClient::HandleMessage(PrepareMessage const&)::$_8::operator()() const
 #22 _dispatch_client_callout
 #23 _dispatch_async_and_wait_invoke
 #24 _dispatch_client_callout
 #25 _dispatch_main_queue_drain
 #26 _dispatch_main_queue_callback_4CF
 #27 __CFRUNLOOP_IS_SERVICING_THE_MAIN_DISPATCH_QUEUE__
 #28 __CFRunLoopRun
 #29 CFRunLoopRunSpecific
 #30 RunCurrentEventLoopInMode
 #31 ReceiveNextEventCommon
 #32 _BlockUntilNextEventMatchingListInModeWithFilter
 #33 _DPSNextEvent
 #34 -[NSApplication(NSEvent) _nextEventMatchingEventMask:untilDate:inMode:dequeue:]
 #35 -[NSApplication run]
 #36 NSApplicationMain
 #37 EditorMain(int, char const**)
 #38 main
 #39 ???

Mono: successfully reloaded assembly
- Completed reload, in  1.058 seconds
Domain Reload Profiling:
	ReloadAssembly (1058ms)
		BeginReloadAssembly (108ms)
			ExecutionOrderSort (0ms)
			DisableScriptedObjects (4ms)
			BackupInstance (0ms)
			ReleaseScriptingObjects (0ms)
			CreateAndSetChildDomain (40ms)
		EndReloadAssembly (884ms)
			LoadAssemblies (44ms)
			RebuildTransferFunctionScriptingTraits (0ms)
			SetupTypeCache (206ms)
			ReleaseScriptCaches (4ms)
			RebuildScriptCaches (46ms)
			SetupLoadedEditorAssemblies (421ms)
				LogAssemblyErrors (0ms)
				InitializePlatformSupportModulesInManaged (26ms)
				SetLoadedEditorAssemblies (0ms)
				RefreshPlugins (1ms)
				BeforeProcessingInitializeOnLoad (51ms)
				ProcessInitializeOnLoadAttributes (323ms)
				ProcessInitializeOnLoadMethodAttributes (18ms)
				AfterProcessingInitializeOnLoad (1ms)
				EditorAssembliesLoaded (0ms)
			ExecutionOrderSort2 (0ms)
			AwakeInstancesAfterBackupRestoration (4ms)
Platform modules already initialized, skipping
Refreshing native plugins compatible for Editor in 3.67 ms, found 3 plugins.
Preloading 0 native plugins for Editor in 0.00 ms.
Unloading 4543 Unused Serialized files (Serialized files now loaded: 1)
Unloading 37 unused Assets / (92.6 KB). Loaded Objects now: 5125.
Memory consumption went from 311.4 MB to 311.3 MB.
Total: 10.315167 ms (FindLiveObjects: 0.190084 ms CreateObjectMapping: 0.081209 ms MarkObjects: 9.989458 ms  DeleteObjects: 0.053084 ms)

AssetImportParameters requested are different than current active one (requested -> active):
  custom:video-decoder-ogg-theora: a1e56fd34408186e4bbccfd4996cb3dc -> 
  custom:container-muxer-webm: aa71ff27fc2769a1b78a27578f13a17b -> 
  custom:container-demuxer-webm: 4f35f7cbe854078d1ac9338744f61a02 -> 
  custom:video-encoder-webm-vp8: eb34c28f22e8b96e1ab97ce403110664 -> 
  custom:framework-osx-AVFoundation: e770b220cccbd017edd2c1fefb359320 -> 
  custom:audio-encoder-webm-vorbis: bf7c407c2cedff20999df2af8eb42d56 -> 
  custom:container-demuxer-ogg: 62fdf1f143b41e24485cea50d1cbac27 -> 
  custom:video-decoder-webm-vp8: 9c59270c3fd7afecdb556c50c9e8de78 -> 
  custom:audio-decoder-ogg-vorbis: bf7c407c2cedff20999df2af8eb42d56 -> 
========================================================================
Received Prepare
Registering precompiled user dll's ...
Registered in 0.001398 seconds.
Begin MonoManager ReloadAssembly
Thread 0x2917c3000 may have been prematurely finalized
Symbol file LoadedFromMemory doesn't match image /Users/airewatterson/Documents/GitHub/Padko_Survivers_Mobile/Library/PackageCache/com.unity.visualscripting@1.7.6/Editor/VisualScripting.Core/Dependencies/YamlDotNet/Unity.VisualScripting.YamlDotNet.dll
Symbol file LoadedFromMemory is not a mono symbol file
Symbol file LoadedFromMemory doesn't match image /Users/airewatterson/Documents/GitHub/Padko_Survivers_Mobile/Library/PackageCache/com.unity.visualscripting@1.7.6/Editor/VisualScripting.Core/Dependencies/DotNetZip/Unity.VisualScripting.IonicZip.dll
Native extension for iOS target not found
Native extension for Android target not found
Native extension for OSXStandalone target not found
Refreshing native plugins compatible for Editor in 1.59 ms, found 3 plugins.
Preloading 0 native plugins for Editor in 0.00 ms.
System.Exception: Error! Visual Scripting: couldn't find visual scripting package
  at Unity.VisualScripting.PackageVersionUtility.get_version () [0x00043] in /Users/airewatterson/Documents/GitHub/Padko_Survivers_Mobile/Library/PackageCache/com.unity.visualscripting@1.7.6/Editor/VisualScripting.Core/Utilities/PackageVersionUtility.cs:31 
  at Unity.VisualScripting.BoltCoreManifest.get_version () [0x00000] in /Users/airewatterson/Documents/GitHub/Padko_Survivers_Mobile/Library/PackageCache/com.unity.visualscripting@1.7.6/Editor/VisualScripting.Core/Plugin/BoltCoreManifest.cs:11 
  at Unity.VisualScripting.PluginManifest.get_currentVersion () [0x00000] in /Users/airewatterson/Documents/GitHub/Padko_Survivers_Mobile/Library/PackageCache/com.unity.visualscripting@1.7.6/Editor/VisualScripting.Core/Plugins/PluginManifest.cs:33 
  at Unity.VisualScripting.PluginManifest.get_versionMismatch () [0x00000] in /Users/airewatterson/Documents/GitHub/Padko_Survivers_Mobile/Library/PackageCache/com.unity.visualscripting@1.7.6/Editor/VisualScripting.Core/Plugins/PluginManifest.cs:48 
  at Unity.VisualScripting.PluginContainer.Initialize () [0x00525] in /Users/airewatterson/Documents/GitHub/Padko_Survivers_Mobile/Library/PackageCache/com.unity.visualscripting@1.7.6/Editor/VisualScripting.Core/Plugins/PluginContainer.cs:208 
  at Unity.VisualScripting.PluginContainer.InitializeOnLoad () [0x00009] in /Users/airewatterson/Documents/GitHub/Padko_Survivers_Mobile/Library/PackageCache/com.unity.visualscripting@1.7.6/Editor/VisualScripting.Core/Plugins/PluginContainer.cs:32 
  at Unity.VisualScripting.VSUsageUtility.DoInitializeOnLoadCalls () [0x00034] in /Users/airewatterson/Documents/GitHub/Padko_Survivers_Mobile/Library/PackageCache/com.unity.visualscripting@1.7.6/Editor/VisualScripting.Core/Utilities/VSUsageUtility.cs:76 
  at Unity.VisualScripting.VSUsageUtility.set_isVisualScriptingUsed (System.Boolean value) [0x0002c] in /Users/airewatterson/Documents/GitHub/Padko_Survivers_Mobile/Library/PackageCache/com.unity.visualscripting@1.7.6/Editor/VisualScripting.Core/Utilities/VSUsageUtility.cs:114 
  at Unity.VisualScripting.VSUsageUtility.CheckAndSetIsVisualScriptingUsed () [0x0000d] in /Users/airewatterson/Documents/GitHub/Padko_Survivers_Mobile/Library/PackageCache/com.unity.visualscripting@1.7.6/Editor/VisualScripting.Core/Utilities/VSUsageUtility.cs:33 
  at Unity.VisualScripting.VSUsageUtility..cctor () [0x00000] in /Users/airewatterson/Documents/GitHub/Padko_Survivers_Mobile/Library/PackageCache/com.unity.visualscripting@1.7.6/Editor/VisualScripting.Core/Utilities/VSUsageUtility.cs:22 
 #0 GetStacktrace(int)
 #1 DebugStringToFile(DebugStringToFileData const&)
 #2 DebugLogHandler_CUSTOM_Internal_Log(LogType, LogOption, ScriptingBackendNativeStringPtrOpaque*, ScriptingBackendNativeObjectPtrOpaque*)
 #3  (Mono JIT Code) (wrapper managed-to-native) UnityEngine.DebugLogHandler:Internal_Log (UnityEngine.LogType,UnityEngine.LogOption,string,UnityEngine.Object)
 #4  (Mono JIT Code) [DebugLogHandler.cs:10] UnityEngine.DebugLogHandler:LogFormat (UnityEngine.LogType,UnityEngine.Object,string,object[])
 #5  (Mono JIT Code) [Logger.cs:61] UnityEngine.Logger:Log (UnityEngine.LogType,object)
 #6  (Mono JIT Code) [Debug.bindings.cs:130] UnityEngine.Debug:LogError (object)
 #7  (Mono JIT Code) [EditorAssemblies.cs:131] UnityEditor.EditorAssemblies:ProcessInitializeOnLoadAttributes (System.Type[])
 #8  (Mono JIT Code) (wrapper runtime-invoke) <Module>:runtime_invoke_void_object (object,intptr,intptr,intptr)
 #9 mono_jit_runtime_invoke
 #10 do_runtime_invoke
 #11 mono_runtime_invoke
 #12 scripting_method_invoke(ScriptingMethodPtr, ScriptingObjectPtr, ScriptingArguments&, ScriptingExceptionPtr*, bool)
 #13 ScriptingInvocation::Invoke(ScriptingExceptionPtr*, bool)
 #14 Scripting::UnityEditor::EditorAssembliesProxy::ProcessInitializeOnLoadAttributes(ScriptingArrayPtr, ScriptingExceptionPtr*)
 #15 MonoManager::SetupLoadedEditorAssemblies(dynamic_array<int, 0ul> const&)
 #16 MonoManager::EndReloadAssembly(DomainReloadingData&, dynamic_bitset)
 #17 MonoManager::ReloadAssembly()
 #18 LoadDomainAndUserAssemblies()
 #19 LoadUserAssemblies()
 #20 AssetImportWorkerClient::ReloadMonoDomain(AssetResolver&)
 #21 invocation function for block in AssetImportWorkerClient::HandleMessage(PrepareMessage const&)::$_8::operator()() const
 #22 _dispatch_client_callout
 #23 _dispatch_async_and_wait_invoke
 #24 _dispatch_client_callout
 #25 _dispatch_main_queue_drain
 #26 _dispatch_main_queue_callback_4CF
 #27 __CFRUNLOOP_IS_SERVICING_THE_MAIN_DISPATCH_QUEUE__
 #28 __CFRunLoopRun
 #29 CFRunLoopRunSpecific
 #30 RunCurrentEventLoopInMode
 #31 ReceiveNextEventCommon
 #32 _BlockUntilNextEventMatchingListInModeWithFilter
 #33 _DPSNextEvent
 #34 -[NSApplication(NSEvent) _nextEventMatchingEventMask:untilDate:inMode:dequeue:]
 #35 -[NSApplication run]
 #36 NSApplicationMain
 #37 EditorMain(int, char const**)
 #38 main
 #39 ???

Mono: successfully reloaded assembly
- Completed reload, in  1.134 seconds
Domain Reload Profiling:
	ReloadAssembly (1134ms)
		BeginReloadAssembly (142ms)
			ExecutionOrderSort (0ms)
			DisableScriptedObjects (7ms)
			BackupInstance (0ms)
			ReleaseScriptingObjects (0ms)
			CreateAndSetChildDomain (53ms)
		EndReloadAssembly (929ms)
			LoadAssemblies (71ms)
			RebuildTransferFunctionScriptingTraits (0ms)
			SetupTypeCache (190ms)
			ReleaseScriptCaches (6ms)
			RebuildScriptCaches (50ms)
			SetupLoadedEditorAssemblies (450ms)
				LogAssemblyErrors (0ms)
				InitializePlatformSupportModulesInManaged (33ms)
				SetLoadedEditorAssemblies (0ms)
				RefreshPlugins (2ms)
				BeforeProcessingInitializeOnLoad (49ms)
				ProcessInitializeOnLoadAttributes (341ms)
				ProcessInitializeOnLoadMethodAttributes (23ms)
				AfterProcessingInitializeOnLoad (1ms)
				EditorAssembliesLoaded (0ms)
			ExecutionOrderSort2 (0ms)
			AwakeInstancesAfterBackupRestoration (5ms)
Platform modules already initialized, skipping
Refreshing native plugins compatible for Editor in 1.49 ms, found 3 plugins.
Preloading 0 native plugins for Editor in 0.00 ms.
Unloading 4542 Unused Serialized files (Serialized files now loaded: 1)
Unloading 38 unused Assets / (92.6 KB). Loaded Objects now: 5140.
Memory consumption went from 311.8 MB to 311.7 MB.
Total: 17.623834 ms (FindLiveObjects: 0.308000 ms CreateObjectMapping: 0.085250 ms MarkObjects: 17.155125 ms  DeleteObjects: 0.073917 ms)

AssetImportParameters requested are different than current active one (requested -> active):
  custom:video-decoder-ogg-theora: a1e56fd34408186e4bbccfd4996cb3dc -> 
  custom:container-muxer-webm: aa71ff27fc2769a1b78a27578f13a17b -> 
  custom:container-demuxer-webm: 4f35f7cbe854078d1ac9338744f61a02 -> 
  custom:video-encoder-webm-vp8: eb34c28f22e8b96e1ab97ce403110664 -> 
  custom:framework-osx-AVFoundation: e770b220cccbd017edd2c1fefb359320 -> 
  custom:audio-encoder-webm-vorbis: bf7c407c2cedff20999df2af8eb42d56 -> 
  custom:container-demuxer-ogg: 62fdf1f143b41e24485cea50d1cbac27 -> 
  custom:video-decoder-webm-vp8: 9c59270c3fd7afecdb556c50c9e8de78 -> 
  custom:audio-decoder-ogg-vorbis: bf7c407c2cedff20999df2af8eb42d56 -> 
========================================================================
Received Import Request.
  Time since last request: 159.764411 seconds.
  path: Assets/Scripts/General/StopWatch.cs
  artifactKey: Guid(c36f623befdad4954a7d999b0a7c7488) Importer(815301076,1909f56bfc062723c751e8b465ee728b)
Start importing Assets/Scripts/General/StopWatch.cs using Guid(c36f623befdad4954a7d999b0a7c7488) Importer(815301076,1909f56bfc062723c751e8b465ee728b)  -> (artifact id: '1e7ee851c586f666ff202fb51a2821e3') in 0.009118 seconds 
========================================================================
Received Prepare
Registering precompiled user dll's ...
Registered in 0.001433 seconds.
Begin MonoManager ReloadAssembly
Thread 0x2917c3000 may have been prematurely finalized
Symbol file LoadedFromMemory doesn't match image /Users/airewatterson/Documents/GitHub/Padko_Survivers_Mobile/Library/PackageCache/com.unity.visualscripting@1.7.6/Editor/VisualScripting.Core/Dependencies/YamlDotNet/Unity.VisualScripting.YamlDotNet.dll
Symbol file LoadedFromMemory is not a mono symbol file
Symbol file LoadedFromMemory doesn't match image /Users/airewatterson/Documents/GitHub/Padko_Survivers_Mobile/Library/PackageCache/com.unity.visualscripting@1.7.6/Editor/VisualScripting.Core/Dependencies/DotNetZip/Unity.VisualScripting.IonicZip.dll
Native extension for iOS target not found
Native extension for Android target not found
Native extension for OSXStandalone target not found
Refreshing native plugins compatible for Editor in 0.55 ms, found 3 plugins.
Preloading 0 native plugins for Editor in 0.00 ms.
System.Exception: Error! Visual Scripting: couldn't find visual scripting package
  at Unity.VisualScripting.PackageVersionUtility.get_version () [0x00043] in /Users/airewatterson/Documents/GitHub/Padko_Survivers_Mobile/Library/PackageCache/com.unity.visualscripting@1.7.6/Editor/VisualScripting.Core/Utilities/PackageVersionUtility.cs:31 
  at Unity.VisualScripting.BoltCoreManifest.get_version () [0x00000] in /Users/airewatterson/Documents/GitHub/Padko_Survivers_Mobile/Library/PackageCache/com.unity.visualscripting@1.7.6/Editor/VisualScripting.Core/Plugin/BoltCoreManifest.cs:11 
  at Unity.VisualScripting.PluginManifest.get_currentVersion () [0x00000] in /Users/airewatterson/Documents/GitHub/Padko_Survivers_Mobile/Library/PackageCache/com.unity.visualscripting@1.7.6/Editor/VisualScripting.Core/Plugins/PluginManifest.cs:33 
  at Unity.VisualScripting.PluginManifest.get_versionMismatch () [0x00000] in /Users/airewatterson/Documents/GitHub/Padko_Survivers_Mobile/Library/PackageCache/com.unity.visualscripting@1.7.6/Editor/VisualScripting.Core/Plugins/PluginManifest.cs:48 
  at Unity.VisualScripting.PluginContainer.Initialize () [0x00525] in /Users/airewatterson/Documents/GitHub/Padko_Survivers_Mobile/Library/PackageCache/com.unity.visualscripting@1.7.6/Editor/VisualScripting.Core/Plugins/PluginContainer.cs:208 
  at Unity.VisualScripting.PluginContainer.InitializeOnLoad () [0x00009] in /Users/airewatterson/Documents/GitHub/Padko_Survivers_Mobile/Library/PackageCache/com.unity.visualscripting@1.7.6/Editor/VisualScripting.Core/Plugins/PluginContainer.cs:32 
  at Unity.VisualScripting.VSUsageUtility.DoInitializeOnLoadCalls () [0x00034] in /Users/airewatterson/Documents/GitHub/Padko_Survivers_Mobile/Library/PackageCache/com.unity.visualscripting@1.7.6/Editor/VisualScripting.Core/Utilities/VSUsageUtility.cs:76 
  at Unity.VisualScripting.VSUsageUtility.set_isVisualScriptingUsed (System.Boolean value) [0x0002c] in /Users/airewatterson/Documents/GitHub/Padko_Survivers_Mobile/Library/PackageCache/com.unity.visualscripting@1.7.6/Editor/VisualScripting.Core/Utilities/VSUsageUtility.cs:114 
  at Unity.VisualScripting.VSUsageUtility.CheckAndSetIsVisualScriptingUsed () [0x0000d] in /Users/airewatterson/Documents/GitHub/Padko_Survivers_Mobile/Library/PackageCache/com.unity.visualscripting@1.7.6/Editor/VisualScripting.Core/Utilities/VSUsageUtility.cs:33 
  at Unity.VisualScripting.VSUsageUtility..cctor () [0x00000] in /Users/airewatterson/Documents/GitHub/Padko_Survivers_Mobile/Library/PackageCache/com.unity.visualscripting@1.7.6/Editor/VisualScripting.Core/Utilities/VSUsageUtility.cs:22 
 #0 GetStacktrace(int)
 #1 DebugStringToFile(DebugStringToFileData const&)
 #2 DebugLogHandler_CUSTOM_Internal_Log(LogType, LogOption, ScriptingBackendNativeStringPtrOpaque*, ScriptingBackendNativeObjectPtrOpaque*)
 #3  (Mono JIT Code) (wrapper managed-to-native) UnityEngine.DebugLogHandler:Internal_Log (UnityEngine.LogType,UnityEngine.LogOption,string,UnityEngine.Object)
 #4  (Mono JIT Code) [DebugLogHandler.cs:10] UnityEngine.DebugLogHandler:LogFormat (UnityEngine.LogType,UnityEngine.Object,string,object[])
 #5  (Mono JIT Code) [Logger.cs:61] UnityEngine.Logger:Log (UnityEngine.LogType,object)
 #6  (Mono JIT Code) [Debug.bindings.cs:130] UnityEngine.Debug:LogError (object)
 #7  (Mono JIT Code) [EditorAssemblies.cs:131] UnityEditor.EditorAssemblies:ProcessInitializeOnLoadAttributes (System.Type[])
 #8  (Mono JIT Code) (wrapper runtime-invoke) <Module>:runtime_invoke_void_object (object,intptr,intptr,intptr)
 #9 mono_jit_runtime_invoke
 #10 do_runtime_invoke
 #11 mono_runtime_invoke
 #12 scripting_method_invoke(ScriptingMethodPtr, ScriptingObjectPtr, ScriptingArguments&, ScriptingExceptionPtr*, bool)
 #13 ScriptingInvocation::Invoke(ScriptingExceptionPtr*, bool)
 #14 Scripting::UnityEditor::EditorAssembliesProxy::ProcessInitializeOnLoadAttributes(ScriptingArrayPtr, ScriptingExceptionPtr*)
 #15 MonoManager::SetupLoadedEditorAssemblies(dynamic_array<int, 0ul> const&)
 #16 MonoManager::EndReloadAssembly(DomainReloadingData&, dynamic_bitset)
 #17 MonoManager::ReloadAssembly()
 #18 LoadDomainAndUserAssemblies()
 #19 LoadUserAssemblies()
 #20 AssetImportWorkerClient::ReloadMonoDomain(AssetResolver&)
 #21 invocation function for block in AssetImportWorkerClient::HandleMessage(PrepareMessage const&)::$_8::operator()() const
 #22 _dispatch_client_callout
 #23 _dispatch_async_and_wait_invoke
 #24 _dispatch_client_callout
 #25 _dispatch_main_queue_drain
 #26 _dispatch_main_queue_callback_4CF
 #27 __CFRUNLOOP_IS_SERVICING_THE_MAIN_DISPATCH_QUEUE__
 #28 __CFRunLoopRun
 #29 CFRunLoopRunSpecific
 #30 RunCurrentEventLoopInMode
 #31 ReceiveNextEventCommon
 #32 _BlockUntilNextEventMatchingListInModeWithFilter
 #33 _DPSNextEvent
 #34 -[NSApplication(NSEvent) _nextEventMatchingEventMask:untilDate:inMode:dequeue:]
 #35 -[NSApplication run]
 #36 NSApplicationMain
 #37 EditorMain(int, char const**)
 #38 main
 #39 ???

Mono: successfully reloaded assembly
- Completed reload, in  0.938 seconds
Domain Reload Profiling:
	ReloadAssembly (939ms)
		BeginReloadAssembly (114ms)
			ExecutionOrderSort (0ms)
			DisableScriptedObjects (6ms)
			BackupInstance (0ms)
			ReleaseScriptingObjects (0ms)
			CreateAndSetChildDomain (48ms)
		EndReloadAssembly (761ms)
			LoadAssemblies (47ms)
			RebuildTransferFunctionScriptingTraits (0ms)
			SetupTypeCache (167ms)
			ReleaseScriptCaches (1ms)
			RebuildScriptCaches (37ms)
			SetupLoadedEditorAssemblies (369ms)
				LogAssemblyErrors (0ms)
				InitializePlatformSupportModulesInManaged (20ms)
				SetLoadedEditorAssemblies (0ms)
				RefreshPlugins (1ms)
				BeforeProcessingInitializeOnLoad (43ms)
				ProcessInitializeOnLoadAttributes (287ms)
				ProcessInitializeOnLoadMethodAttributes (18ms)
				AfterProcessingInitializeOnLoad (1ms)
				EditorAssembliesLoaded (0ms)
			ExecutionOrderSort2 (0ms)
			AwakeInstancesAfterBackupRestoration (3ms)
Platform modules already initialized, skipping
Refreshing native plugins compatible for Editor in 2.11 ms, found 3 plugins.
Preloading 0 native plugins for Editor in 0.00 ms.
Unloading 4542 Unused Serialized files (Serialized files now loaded: 1)
Unloading 37 unused Assets / (92.6 KB). Loaded Objects now: 5156.
Memory consumption went from 312.0 MB to 311.9 MB.
Total: 8.736708 ms (FindLiveObjects: 0.139875 ms CreateObjectMapping: 0.056166 ms MarkObjects: 8.506083 ms  DeleteObjects: 0.033750 ms)

AssetImportParameters requested are different than current active one (requested -> active):
  custom:video-decoder-ogg-theora: a1e56fd34408186e4bbccfd4996cb3dc -> 
  custom:container-muxer-webm: aa71ff27fc2769a1b78a27578f13a17b -> 
  custom:container-demuxer-webm: 4f35f7cbe854078d1ac9338744f61a02 -> 
  custom:video-encoder-webm-vp8: eb34c28f22e8b96e1ab97ce403110664 -> 
  custom:framework-osx-AVFoundation: e770b220cccbd017edd2c1fefb359320 -> 
  custom:audio-encoder-webm-vorbis: bf7c407c2cedff20999df2af8eb42d56 -> 
  custom:container-demuxer-ogg: 62fdf1f143b41e24485cea50d1cbac27 -> 
  custom:video-decoder-webm-vp8: 9c59270c3fd7afecdb556c50c9e8de78 -> 
  custom:audio-decoder-ogg-vorbis: bf7c407c2cedff20999df2af8eb42d56 -> 
========================================================================
Received Import Request.
  Time since last request: 17.963048 seconds.
  path: Assets/Scripts/General/StopWatch.cs
  artifactKey: Guid(c36f623befdad4954a7d999b0a7c7488) Importer(815301076,1909f56bfc062723c751e8b465ee728b)
Start importing Assets/Scripts/General/StopWatch.cs using Guid(c36f623befdad4954a7d999b0a7c7488) Importer(815301076,1909f56bfc062723c751e8b465ee728b)  -> (artifact id: 'eaa964ca7ff264b12681a37aa1b02e13') in 0.008196 seconds 
========================================================================
Received Prepare
Registering precompiled user dll's ...
Registered in 0.001327 seconds.
Begin MonoManager ReloadAssembly
Thread 0x2917c3000 may have been prematurely finalized
Symbol file LoadedFromMemory doesn't match image /Users/airewatterson/Documents/GitHub/Padko_Survivers_Mobile/Library/PackageCache/com.unity.visualscripting@1.7.6/Editor/VisualScripting.Core/Dependencies/YamlDotNet/Unity.VisualScripting.YamlDotNet.dll
Symbol file LoadedFromMemory is not a mono symbol file
Symbol file LoadedFromMemory doesn't match image /Users/airewatterson/Documents/GitHub/Padko_Survivers_Mobile/Library/PackageCache/com.unity.visualscripting@1.7.6/Editor/VisualScripting.Core/Dependencies/DotNetZip/Unity.VisualScripting.IonicZip.dll
Native extension for iOS target not found
Native extension for Android target not found
Native extension for OSXStandalone target not found
Refreshing native plugins compatible for Editor in 0.58 ms, found 3 plugins.
Preloading 0 native plugins for Editor in 0.00 ms.
System.Exception: Error! Visual Scripting: couldn't find visual scripting package
  at Unity.VisualScripting.PackageVersionUtility.get_version () [0x00043] in /Users/airewatterson/Documents/GitHub/Padko_Survivers_Mobile/Library/PackageCache/com.unity.visualscripting@1.7.6/Editor/VisualScripting.Core/Utilities/PackageVersionUtility.cs:31 
  at Unity.VisualScripting.BoltCoreManifest.get_version () [0x00000] in /Users/airewatterson/Documents/GitHub/Padko_Survivers_Mobile/Library/PackageCache/com.unity.visualscripting@1.7.6/Editor/VisualScripting.Core/Plugin/BoltCoreManifest.cs:11 
  at Unity.VisualScripting.PluginManifest.get_currentVersion () [0x00000] in /Users/airewatterson/Documents/GitHub/Padko_Survivers_Mobile/Library/PackageCache/com.unity.visualscripting@1.7.6/Editor/VisualScripting.Core/Plugins/PluginManifest.cs:33 
  at Unity.VisualScripting.PluginManifest.get_versionMismatch () [0x00000] in /Users/airewatterson/Documents/GitHub/Padko_Survivers_Mobile/Library/PackageCache/com.unity.visualscripting@1.7.6/Editor/VisualScripting.Core/Plugins/PluginManifest.cs:48 
  at Unity.VisualScripting.PluginContainer.Initialize () [0x00525] in /Users/airewatterson/Documents/GitHub/Padko_Survivers_Mobile/Library/PackageCache/com.unity.visualscripting@1.7.6/Editor/VisualScripting.Core/Plugins/PluginContainer.cs:208 
  at Unity.VisualScripting.PluginContainer.InitializeOnLoad () [0x00009] in /Users/airewatterson/Documents/GitHub/Padko_Survivers_Mobile/Library/PackageCache/com.unity.visualscripting@1.7.6/Editor/VisualScripting.Core/Plugins/PluginContainer.cs:32 
  at Unity.VisualScripting.VSUsageUtility.DoInitializeOnLoadCalls () [0x00034] in /Users/airewatterson/Documents/GitHub/Padko_Survivers_Mobile/Library/PackageCache/com.unity.visualscripting@1.7.6/Editor/VisualScripting.Core/Utilities/VSUsageUtility.cs:76 
  at Unity.VisualScripting.VSUsageUtility.set_isVisualScriptingUsed (System.Boolean value) [0x0002c] in /Users/airewatterson/Documents/GitHub/Padko_Survivers_Mobile/Library/PackageCache/com.unity.visualscripting@1.7.6/Editor/VisualScripting.Core/Utilities/VSUsageUtility.cs:114 
  at Unity.VisualScripting.VSUsageUtility.CheckAndSetIsVisualScriptingUsed () [0x0000d] in /Users/airewatterson/Documents/GitHub/Padko_Survivers_Mobile/Library/PackageCache/com.unity.visualscripting@1.7.6/Editor/VisualScripting.Core/Utilities/VSUsageUtility.cs:33 
  at Unity.VisualScripting.VSUsageUtility..cctor () [0x00000] in /Users/airewatterson/Documents/GitHub/Padko_Survivers_Mobile/Library/PackageCache/com.unity.visualscripting@1.7.6/Editor/VisualScripting.Core/Utilities/VSUsageUtility.cs:22 
 #0 GetStacktrace(int)
 #1 DebugStringToFile(DebugStringToFileData const&)
 #2 DebugLogHandler_CUSTOM_Internal_Log(LogType, LogOption, ScriptingBackendNativeStringPtrOpaque*, ScriptingBackendNativeObjectPtrOpaque*)
 #3  (Mono JIT Code) (wrapper managed-to-native) UnityEngine.DebugLogHandler:Internal_Log (UnityEngine.LogType,UnityEngine.LogOption,string,UnityEngine.Object)
 #4  (Mono JIT Code) [DebugLogHandler.cs:10] UnityEngine.DebugLogHandler:LogFormat (UnityEngine.LogType,UnityEngine.Object,string,object[])
 #5  (Mono JIT Code) [Logger.cs:61] UnityEngine.Logger:Log (UnityEngine.LogType,object)
 #6  (Mono JIT Code) [Debug.bindings.cs:130] UnityEngine.Debug:LogError (object)
 #7  (Mono JIT Code) [EditorAssemblies.cs:131] UnityEditor.EditorAssemblies:ProcessInitializeOnLoadAttributes (System.Type[])
 #8  (Mono JIT Code) (wrapper runtime-invoke) <Module>:runtime_invoke_void_object (object,intptr,intptr,intptr)
 #9 mono_jit_runtime_invoke
 #10 do_runtime_invoke
 #11 mono_runtime_invoke
 #12 scripting_method_invoke(ScriptingMethodPtr, ScriptingObjectPtr, ScriptingArguments&, ScriptingExceptionPtr*, bool)
 #13 ScriptingInvocation::Invoke(ScriptingExceptionPtr*, bool)
 #14 Scripting::UnityEditor::EditorAssembliesProxy::ProcessInitializeOnLoadAttributes(ScriptingArrayPtr, ScriptingExceptionPtr*)
 #15 MonoManager::SetupLoadedEditorAssemblies(dynamic_array<int, 0ul> const&)
 #16 MonoManager::EndReloadAssembly(DomainReloadingData&, dynamic_bitset)
 #17 MonoManager::ReloadAssembly()
 #18 LoadDomainAndUserAssemblies()
 #19 LoadUserAssemblies()
 #20 AssetImportWorkerClient::ReloadMonoDomain(AssetResolver&)
 #21 invocation function for block in AssetImportWorkerClient::HandleMessage(PrepareMessage const&)::$_8::operator()() const
 #22 _dispatch_client_callout
 #23 _dispatch_async_and_wait_invoke
 #24 _dispatch_client_callout
 #25 _dispatch_main_queue_drain
 #26 _dispatch_main_queue_callback_4CF
 #27 __CFRUNLOOP_IS_SERVICING_THE_MAIN_DISPATCH_QUEUE__
 #28 __CFRunLoopRun
 #29 CFRunLoopRunSpecific
 #30 RunCurrentEventLoopInMode
 #31 ReceiveNextEventCommon
 #32 _BlockUntilNextEventMatchingListInModeWithFilter
 #33 _DPSNextEvent
 #34 -[NSApplication(NSEvent) _nextEventMatchingEventMask:untilDate:inMode:dequeue:]
 #35 -[NSApplication run]
 #36 NSApplicationMain
 #37 EditorMain(int, char const**)
 #38 main
 #39 ???

Mono: successfully reloaded assembly
- Completed reload, in  0.973 seconds
Domain Reload Profiling:
	ReloadAssembly (974ms)
		BeginReloadAssembly (121ms)
			ExecutionOrderSort (0ms)
			DisableScriptedObjects (7ms)
			BackupInstance (0ms)
			ReleaseScriptingObjects (0ms)
			CreateAndSetChildDomain (48ms)
		EndReloadAssembly (790ms)
			LoadAssemblies (58ms)
			RebuildTransferFunctionScriptingTraits (0ms)
			SetupTypeCache (174ms)
			ReleaseScriptCaches (1ms)
			RebuildScriptCaches (35ms)
			SetupLoadedEditorAssemblies (388ms)
				LogAssemblyErrors (0ms)
				InitializePlatformSupportModulesInManaged (21ms)
				SetLoadedEditorAssemblies (0ms)
				RefreshPlugins (1ms)
				BeforeProcessingInitializeOnLoad (45ms)
				ProcessInitializeOnLoadAttributes (300ms)
				ProcessInitializeOnLoadMethodAttributes (20ms)
				AfterProcessingInitializeOnLoad (1ms)
				EditorAssembliesLoaded (0ms)
			ExecutionOrderSort2 (0ms)
			AwakeInstancesAfterBackupRestoration (4ms)
Platform modules already initialized, skipping
Refreshing native plugins compatible for Editor in 1.42 ms, found 3 plugins.
Preloading 0 native plugins for Editor in 0.00 ms.
Unloading 4542 Unused Serialized files (Serialized files now loaded: 1)
Unloading 37 unused Assets / (92.6 KB). Loaded Objects now: 5172.
Memory consumption went from 312.4 MB to 312.3 MB.
Total: 11.887625 ms (FindLiveObjects: 0.145209 ms CreateObjectMapping: 0.057041 ms MarkObjects: 9.888084 ms  DeleteObjects: 1.796375 ms)

AssetImportParameters requested are different than current active one (requested -> active):
  custom:video-decoder-ogg-theora: a1e56fd34408186e4bbccfd4996cb3dc -> 
  custom:container-muxer-webm: aa71ff27fc2769a1b78a27578f13a17b -> 
  custom:container-demuxer-webm: 4f35f7cbe854078d1ac9338744f61a02 -> 
  custom:video-encoder-webm-vp8: eb34c28f22e8b96e1ab97ce403110664 -> 
  custom:framework-osx-AVFoundation: e770b220cccbd017edd2c1fefb359320 -> 
  custom:audio-encoder-webm-vorbis: bf7c407c2cedff20999df2af8eb42d56 -> 
  custom:container-demuxer-ogg: 62fdf1f143b41e24485cea50d1cbac27 -> 
  custom:video-decoder-webm-vp8: 9c59270c3fd7afecdb556c50c9e8de78 -> 
  custom:audio-decoder-ogg-vorbis: bf7c407c2cedff20999df2af8eb42d56 -> 
========================================================================
Received Prepare
Registering precompiled user dll's ...
Registered in 0.001478 seconds.
Begin MonoManager ReloadAssembly
Thread 0x2917c3000 may have been prematurely finalized
Symbol file LoadedFromMemory doesn't match image /Users/airewatterson/Documents/GitHub/Padko_Survivers_Mobile/Library/PackageCache/com.unity.visualscripting@1.7.6/Editor/VisualScripting.Core/Dependencies/YamlDotNet/Unity.VisualScripting.YamlDotNet.dll
Symbol file LoadedFromMemory is not a mono symbol file
Symbol file LoadedFromMemory doesn't match image /Users/airewatterson/Documents/GitHub/Padko_Survivers_Mobile/Library/PackageCache/com.unity.visualscripting@1.7.6/Editor/VisualScripting.Core/Dependencies/DotNetZip/Unity.VisualScripting.IonicZip.dll
Native extension for iOS target not found
Native extension for Android target not found
Native extension for OSXStandalone target not found
Refreshing native plugins compatible for Editor in 0.55 ms, found 3 plugins.
Preloading 0 native plugins for Editor in 0.00 ms.
System.Exception: Error! Visual Scripting: couldn't find visual scripting package
  at Unity.VisualScripting.PackageVersionUtility.get_version () [0x00043] in /Users/airewatterson/Documents/GitHub/Padko_Survivers_Mobile/Library/PackageCache/com.unity.visualscripting@1.7.6/Editor/VisualScripting.Core/Utilities/PackageVersionUtility.cs:31 
  at Unity.VisualScripting.BoltCoreManifest.get_version () [0x00000] in /Users/airewatterson/Documents/GitHub/Padko_Survivers_Mobile/Library/PackageCache/com.unity.visualscripting@1.7.6/Editor/VisualScripting.Core/Plugin/BoltCoreManifest.cs:11 
  at Unity.VisualScripting.PluginManifest.get_currentVersion () [0x00000] in /Users/airewatterson/Documents/GitHub/Padko_Survivers_Mobile/Library/PackageCache/com.unity.visualscripting@1.7.6/Editor/VisualScripting.Core/Plugins/PluginManifest.cs:33 
  at Unity.VisualScripting.PluginManifest.get_versionMismatch () [0x00000] in /Users/airewatterson/Documents/GitHub/Padko_Survivers_Mobile/Library/PackageCache/com.unity.visualscripting@1.7.6/Editor/VisualScripting.Core/Plugins/PluginManifest.cs:48 
  at Unity.VisualScripting.PluginContainer.Initialize () [0x00525] in /Users/airewatterson/Documents/GitHub/Padko_Survivers_Mobile/Library/PackageCache/com.unity.visualscripting@1.7.6/Editor/VisualScripting.Core/Plugins/PluginContainer.cs:208 
  at Unity.VisualScripting.PluginContainer.InitializeOnLoad () [0x00009] in /Users/airewatterson/Documents/GitHub/Padko_Survivers_Mobile/Library/PackageCache/com.unity.visualscripting@1.7.6/Editor/VisualScripting.Core/Plugins/PluginContainer.cs:32 
  at Unity.VisualScripting.VSUsageUtility.DoInitializeOnLoadCalls () [0x00034] in /Users/airewatterson/Documents/GitHub/Padko_Survivers_Mobile/Library/PackageCache/com.unity.visualscripting@1.7.6/Editor/VisualScripting.Core/Utilities/VSUsageUtility.cs:76 
  at Unity.VisualScripting.VSUsageUtility.set_isVisualScriptingUsed (System.Boolean value) [0x0002c] in /Users/airewatterson/Documents/GitHub/Padko_Survivers_Mobile/Library/PackageCache/com.unity.visualscripting@1.7.6/Editor/VisualScripting.Core/Utilities/VSUsageUtility.cs:114 
  at Unity.VisualScripting.VSUsageUtility.CheckAndSetIsVisualScriptingUsed () [0x0000d] in /Users/airewatterson/Documents/GitHub/Padko_Survivers_Mobile/Library/PackageCache/com.unity.visualscripting@1.7.6/Editor/VisualScripting.Core/Utilities/VSUsageUtility.cs:33 
  at Unity.VisualScripting.VSUsageUtility..cctor () [0x00000] in /Users/airewatterson/Documents/GitHub/Padko_Survivers_Mobile/Library/PackageCache/com.unity.visualscripting@1.7.6/Editor/VisualScripting.Core/Utilities/VSUsageUtility.cs:22 
 #0 GetStacktrace(int)
 #1 DebugStringToFile(DebugStringToFileData const&)
 #2 DebugLogHandler_CUSTOM_Internal_Log(LogType, LogOption, ScriptingBackendNativeStringPtrOpaque*, ScriptingBackendNativeObjectPtrOpaque*)
 #3  (Mono JIT Code) (wrapper managed-to-native) UnityEngine.DebugLogHandler:Internal_Log (UnityEngine.LogType,UnityEngine.LogOption,string,UnityEngine.Object)
 #4  (Mono JIT Code) [DebugLogHandler.cs:10] UnityEngine.DebugLogHandler:LogFormat (UnityEngine.LogType,UnityEngine.Object,string,object[])
 #5  (Mono JIT Code) [Logger.cs:61] UnityEngine.Logger:Log (UnityEngine.LogType,object)
 #6  (Mono JIT Code) [Debug.bindings.cs:130] UnityEngine.Debug:LogError (object)
 #7  (Mono JIT Code) [EditorAssemblies.cs:131] UnityEditor.EditorAssemblies:ProcessInitializeOnLoadAttributes (System.Type[])
 #8  (Mono JIT Code) (wrapper runtime-invoke) <Module>:runtime_invoke_void_object (object,intptr,intptr,intptr)
 #9 mono_jit_runtime_invoke
 #10 do_runtime_invoke
 #11 mono_runtime_invoke
 #12 scripting_method_invoke(ScriptingMethodPtr, ScriptingObjectPtr, ScriptingArguments&, ScriptingExceptionPtr*, bool)
 #13 ScriptingInvocation::Invoke(ScriptingExceptionPtr*, bool)
 #14 Scripting::UnityEditor::EditorAssembliesProxy::ProcessInitializeOnLoadAttributes(ScriptingArrayPtr, ScriptingExceptionPtr*)
 #15 MonoManager::SetupLoadedEditorAssemblies(dynamic_array<int, 0ul> const&)
 #16 MonoManager::EndReloadAssembly(DomainReloadingData&, dynamic_bitset)
 #17 MonoManager::ReloadAssembly()
 #18 LoadDomainAndUserAssemblies()
 #19 LoadUserAssemblies()
 #20 AssetImportWorkerClient::ReloadMonoDomain(AssetResolver&)
 #21 invocation function for block in AssetImportWorkerClient::HandleMessage(PrepareMessage const&)::$_8::operator()() const
 #22 _dispatch_client_callout
 #23 _dispatch_async_and_wait_invoke
 #24 _dispatch_client_callout
 #25 _dispatch_main_queue_drain
 #26 _dispatch_main_queue_callback_4CF
 #27 __CFRUNLOOP_IS_SERVICING_THE_MAIN_DISPATCH_QUEUE__
 #28 __CFRunLoopRun
 #29 CFRunLoopRunSpecific
 #30 RunCurrentEventLoopInMode
 #31 ReceiveNextEventCommon
 #32 _BlockUntilNextEventMatchingListInModeWithFilter
 #33 _DPSNextEvent
 #34 -[NSApplication(NSEvent) _nextEventMatchingEventMask:untilDate:inMode:dequeue:]
 #35 -[NSApplication run]
 #36 NSApplicationMain
 #37 EditorMain(int, char const**)
 #38 main
 #39 ???

Mono: successfully reloaded assembly
- Completed reload, in  1.013 seconds
Domain Reload Profiling:
	ReloadAssembly (1014ms)
		BeginReloadAssembly (143ms)
			ExecutionOrderSort (0ms)
			DisableScriptedObjects (8ms)
			BackupInstance (0ms)
			ReleaseScriptingObjects (0ms)
			CreateAndSetChildDomain (57ms)
		EndReloadAssembly (801ms)
			LoadAssemblies (70ms)
			RebuildTransferFunctionScriptingTraits (0ms)
			SetupTypeCache (185ms)
			ReleaseScriptCaches (1ms)
			RebuildScriptCaches (36ms)
			SetupLoadedEditorAssemblies (377ms)
				LogAssemblyErrors (0ms)
				InitializePlatformSupportModulesInManaged (26ms)
				SetLoadedEditorAssemblies (0ms)
				RefreshPlugins (1ms)
				BeforeProcessingInitializeOnLoad (45ms)
				ProcessInitializeOnLoadAttributes (286ms)
				ProcessInitializeOnLoadMethodAttributes (19ms)
				AfterProcessingInitializeOnLoad (1ms)
				EditorAssembliesLoaded (0ms)
			ExecutionOrderSort2 (0ms)
			AwakeInstancesAfterBackupRestoration (3ms)
Platform modules already initialized, skipping
Refreshing native plugins compatible for Editor in 1.40 ms, found 3 plugins.
Preloading 0 native plugins for Editor in 0.00 ms.
Unloading 4542 Unused Serialized files (Serialized files now loaded: 1)
Unloading 37 unused Assets / (92.6 KB). Loaded Objects now: 5188.
Memory consumption went from 313.7 MB to 313.6 MB.
Total: 8.671375 ms (FindLiveObjects: 0.166875 ms CreateObjectMapping: 0.059709 ms MarkObjects: 8.396250 ms  DeleteObjects: 0.047709 ms)

AssetImportParameters requested are different than current active one (requested -> active):
  custom:video-decoder-ogg-theora: a1e56fd34408186e4bbccfd4996cb3dc -> 
  custom:container-muxer-webm: aa71ff27fc2769a1b78a27578f13a17b -> 
  custom:container-demuxer-webm: 4f35f7cbe854078d1ac9338744f61a02 -> 
  custom:video-encoder-webm-vp8: eb34c28f22e8b96e1ab97ce403110664 -> 
  custom:framework-osx-AVFoundation: e770b220cccbd017edd2c1fefb359320 -> 
  custom:audio-encoder-webm-vorbis: bf7c407c2cedff20999df2af8eb42d56 -> 
  custom:container-demuxer-ogg: 62fdf1f143b41e24485cea50d1cbac27 -> 
  custom:video-decoder-webm-vp8: 9c59270c3fd7afecdb556c50c9e8de78 -> 
  custom:audio-decoder-ogg-vorbis: bf7c407c2cedff20999df2af8eb42d56 -> 
========================================================================
Received Prepare
Registering precompiled user dll's ...
Registered in 0.001402 seconds.
Begin MonoManager ReloadAssembly
Thread 0x2917c3000 may have been prematurely finalized
Symbol file LoadedFromMemory doesn't match image /Users/airewatterson/Documents/GitHub/Padko_Survivers_Mobile/Library/PackageCache/com.unity.visualscripting@1.7.6/Editor/VisualScripting.Core/Dependencies/YamlDotNet/Unity.VisualScripting.YamlDotNet.dll
Symbol file LoadedFromMemory is not a mono symbol file
Symbol file LoadedFromMemory doesn't match image /Users/airewatterson/Documents/GitHub/Padko_Survivers_Mobile/Library/PackageCache/com.unity.visualscripting@1.7.6/Editor/VisualScripting.Core/Dependencies/DotNetZip/Unity.VisualScripting.IonicZip.dll
Native extension for iOS target not found
Native extension for Android target not found
Native extension for OSXStandalone target not found
Refreshing native plugins compatible for Editor in 0.70 ms, found 3 plugins.
Preloading 0 native plugins for Editor in 0.00 ms.
System.Exception: Error! Visual Scripting: couldn't find visual scripting package
  at Unity.VisualScripting.PackageVersionUtility.get_version () [0x00043] in /Users/airewatterson/Documents/GitHub/Padko_Survivers_Mobile/Library/PackageCache/com.unity.visualscripting@1.7.6/Editor/VisualScripting.Core/Utilities/PackageVersionUtility.cs:31 
  at Unity.VisualScripting.BoltCoreManifest.get_version () [0x00000] in /Users/airewatterson/Documents/GitHub/Padko_Survivers_Mobile/Library/PackageCache/com.unity.visualscripting@1.7.6/Editor/VisualScripting.Core/Plugin/BoltCoreManifest.cs:11 
  at Unity.VisualScripting.PluginManifest.get_currentVersion () [0x00000] in /Users/airewatterson/Documents/GitHub/Padko_Survivers_Mobile/Library/PackageCache/com.unity.visualscripting@1.7.6/Editor/VisualScripting.Core/Plugins/PluginManifest.cs:33 
  at Unity.VisualScripting.PluginManifest.get_versionMismatch () [0x00000] in /Users/airewatterson/Documents/GitHub/Padko_Survivers_Mobile/Library/PackageCache/com.unity.visualscripting@1.7.6/Editor/VisualScripting.Core/Plugins/PluginManifest.cs:48 
  at Unity.VisualScripting.PluginContainer.Initialize () [0x00525] in /Users/airewatterson/Documents/GitHub/Padko_Survivers_Mobile/Library/PackageCache/com.unity.visualscripting@1.7.6/Editor/VisualScripting.Core/Plugins/PluginContainer.cs:208 
  at Unity.VisualScripting.PluginContainer.InitializeOnLoad () [0x00009] in /Users/airewatterson/Documents/GitHub/Padko_Survivers_Mobile/Library/PackageCache/com.unity.visualscripting@1.7.6/Editor/VisualScripting.Core/Plugins/PluginContainer.cs:32 
  at Unity.VisualScripting.VSUsageUtility.DoInitializeOnLoadCalls () [0x00034] in /Users/airewatterson/Documents/GitHub/Padko_Survivers_Mobile/Library/PackageCache/com.unity.visualscripting@1.7.6/Editor/VisualScripting.Core/Utilities/VSUsageUtility.cs:76 
  at Unity.VisualScripting.VSUsageUtility.set_isVisualScriptingUsed (System.Boolean value) [0x0002c] in /Users/airewatterson/Documents/GitHub/Padko_Survivers_Mobile/Library/PackageCache/com.unity.visualscripting@1.7.6/Editor/VisualScripting.Core/Utilities/VSUsageUtility.cs:114 
  at Unity.VisualScripting.VSUsageUtility.CheckAndSetIsVisualScriptingUsed () [0x0000d] in /Users/airewatterson/Documents/GitHub/Padko_Survivers_Mobile/Library/PackageCache/com.unity.visualscripting@1.7.6/Editor/VisualScripting.Core/Utilities/VSUsageUtility.cs:33 
  at Unity.VisualScripting.VSUsageUtility..cctor () [0x00000] in /Users/airewatterson/Documents/GitHub/Padko_Survivers_Mobile/Library/PackageCache/com.unity.visualscripting@1.7.6/Editor/VisualScripting.Core/Utilities/VSUsageUtility.cs:22 
 #0 GetStacktrace(int)
 #1 DebugStringToFile(DebugStringToFileData const&)
 #2 DebugLogHandler_CUSTOM_Internal_Log(LogType, LogOption, ScriptingBackendNativeStringPtrOpaque*, ScriptingBackendNativeObjectPtrOpaque*)
 #3  (Mono JIT Code) (wrapper managed-to-native) UnityEngine.DebugLogHandler:Internal_Log (UnityEngine.LogType,UnityEngine.LogOption,string,UnityEngine.Object)
 #4  (Mono JIT Code) [DebugLogHandler.cs:10] UnityEngine.DebugLogHandler:LogFormat (UnityEngine.LogType,UnityEngine.Object,string,object[])
 #5  (Mono JIT Code) [Logger.cs:61] UnityEngine.Logger:Log (UnityEngine.LogType,object)
 #6  (Mono JIT Code) [Debug.bindings.cs:130] UnityEngine.Debug:LogError (object)
 #7  (Mono JIT Code) [EditorAssemblies.cs:131] UnityEditor.EditorAssemblies:ProcessInitializeOnLoadAttributes (System.Type[])
 #8  (Mono JIT Code) (wrapper runtime-invoke) <Module>:runtime_invoke_void_object (object,intptr,intptr,intptr)
 #9 mono_jit_runtime_invoke
 #10 do_runtime_invoke
 #11 mono_runtime_invoke
 #12 scripting_method_invoke(ScriptingMethodPtr, ScriptingObjectPtr, ScriptingArguments&, ScriptingExceptionPtr*, bool)
 #13 ScriptingInvocation::Invoke(ScriptingExceptionPtr*, bool)
 #14 Scripting::UnityEditor::EditorAssembliesProxy::ProcessInitializeOnLoadAttributes(ScriptingArrayPtr, ScriptingExceptionPtr*)
 #15 MonoManager::SetupLoadedEditorAssemblies(dynamic_array<int, 0ul> const&)
 #16 MonoManager::EndReloadAssembly(DomainReloadingData&, dynamic_bitset)
 #17 MonoManager::ReloadAssembly()
 #18 LoadDomainAndUserAssemblies()
 #19 LoadUserAssemblies()
 #20 AssetImportWorkerClient::ReloadMonoDomain(AssetResolver&)
 #21 invocation function for block in AssetImportWorkerClient::HandleMessage(PrepareMessage const&)::$_8::operator()() const
 #22 _dispatch_client_callout
 #23 _dispatch_async_and_wait_invoke
 #24 _dispatch_client_callout
 #25 _dispatch_main_queue_drain
 #26 _dispatch_main_queue_callback_4CF
 #27 __CFRUNLOOP_IS_SERVICING_THE_MAIN_DISPATCH_QUEUE__
 #28 __CFRunLoopRun
 #29 CFRunLoopRunSpecific
 #30 RunCurrentEventLoopInMode
 #31 ReceiveNextEventCommon
 #32 _BlockUntilNextEventMatchingListInModeWithFilter
 #33 _DPSNextEvent
 #34 -[NSApplication(NSEvent) _nextEventMatchingEventMask:untilDate:inMode:dequeue:]
 #35 -[NSApplication run]
 #36 NSApplicationMain
 #37 EditorMain(int, char const**)
 #38 main
 #39 ???

Mono: successfully reloaded assembly
- Completed reload, in  0.983 seconds
Domain Reload Profiling:
	ReloadAssembly (984ms)
		BeginReloadAssembly (92ms)
			ExecutionOrderSort (0ms)
			DisableScriptedObjects (3ms)
			BackupInstance (0ms)
			ReleaseScriptingObjects (0ms)
			CreateAndSetChildDomain (31ms)
		EndReloadAssembly (827ms)
			LoadAssemblies (53ms)
			RebuildTransferFunctionScriptingTraits (0ms)
			SetupTypeCache (192ms)
			ReleaseScriptCaches (7ms)
			RebuildScriptCaches (51ms)
			SetupLoadedEditorAssemblies (380ms)
				LogAssemblyErrors (0ms)
				InitializePlatformSupportModulesInManaged (20ms)
				SetLoadedEditorAssemblies (1ms)
				RefreshPlugins (1ms)
				BeforeProcessingInitializeOnLoad (48ms)
				ProcessInitializeOnLoadAttributes (291ms)
				ProcessInitializeOnLoadMethodAttributes (19ms)
				AfterProcessingInitializeOnLoad (1ms)
				EditorAssembliesLoaded (0ms)
			ExecutionOrderSort2 (0ms)
			AwakeInstancesAfterBackupRestoration (4ms)
Platform modules already initialized, skipping
Refreshing native plugins compatible for Editor in 1.28 ms, found 3 plugins.
Preloading 0 native plugins for Editor in 0.00 ms.
Unloading 4542 Unused Serialized files (Serialized files now loaded: 1)
Unloading 37 unused Assets / (92.6 KB). Loaded Objects now: 5204.
Memory consumption went from 314.0 MB to 313.9 MB.
Total: 8.646250 ms (FindLiveObjects: 0.153583 ms CreateObjectMapping: 0.079000 ms MarkObjects: 8.367459 ms  DeleteObjects: 0.044833 ms)

AssetImportParameters requested are different than current active one (requested -> active):
  custom:video-decoder-ogg-theora: a1e56fd34408186e4bbccfd4996cb3dc -> 
  custom:container-muxer-webm: aa71ff27fc2769a1b78a27578f13a17b -> 
  custom:container-demuxer-webm: 4f35f7cbe854078d1ac9338744f61a02 -> 
  custom:video-encoder-webm-vp8: eb34c28f22e8b96e1ab97ce403110664 -> 
  custom:framework-osx-AVFoundation: e770b220cccbd017edd2c1fefb359320 -> 
  custom:audio-encoder-webm-vorbis: bf7c407c2cedff20999df2af8eb42d56 -> 
  custom:container-demuxer-ogg: 62fdf1f143b41e24485cea50d1cbac27 -> 
  custom:video-decoder-webm-vp8: 9c59270c3fd7afecdb556c50c9e8de78 -> 
  custom:audio-decoder-ogg-vorbis: bf7c407c2cedff20999df2af8eb42d56 -> 
========================================================================
Received Prepare
Registering precompiled user dll's ...
Registered in 0.001489 seconds.
Begin MonoManager ReloadAssembly
Thread 0x2917c3000 may have been prematurely finalized
Symbol file LoadedFromMemory doesn't match image /Users/airewatterson/Documents/GitHub/Padko_Survivers_Mobile/Library/PackageCache/com.unity.visualscripting@1.7.6/Editor/VisualScripting.Core/Dependencies/YamlDotNet/Unity.VisualScripting.YamlDotNet.dll
Symbol file LoadedFromMemory is not a mono symbol file
Symbol file LoadedFromMemory doesn't match image /Users/airewatterson/Documents/GitHub/Padko_Survivers_Mobile/Library/PackageCache/com.unity.visualscripting@1.7.6/Editor/VisualScripting.Core/Dependencies/DotNetZip/Unity.VisualScripting.IonicZip.dll
Native extension for iOS target not found
Native extension for Android target not found
Native extension for OSXStandalone target not found
Refreshing native plugins compatible for Editor in 0.58 ms, found 3 plugins.
Preloading 0 native plugins for Editor in 0.00 ms.
System.Exception: Error! Visual Scripting: couldn't find visual scripting package
  at Unity.VisualScripting.PackageVersionUtility.get_version () [0x00043] in /Users/airewatterson/Documents/GitHub/Padko_Survivers_Mobile/Library/PackageCache/com.unity.visualscripting@1.7.6/Editor/VisualScripting.Core/Utilities/PackageVersionUtility.cs:31 
  at Unity.VisualScripting.BoltCoreManifest.get_version () [0x00000] in /Users/airewatterson/Documents/GitHub/Padko_Survivers_Mobile/Library/PackageCache/com.unity.visualscripting@1.7.6/Editor/VisualScripting.Core/Plugin/BoltCoreManifest.cs:11 
  at Unity.VisualScripting.PluginManifest.get_currentVersion () [0x00000] in /Users/airewatterson/Documents/GitHub/Padko_Survivers_Mobile/Library/PackageCache/com.unity.visualscripting@1.7.6/Editor/VisualScripting.Core/Plugins/PluginManifest.cs:33 
  at Unity.VisualScripting.PluginManifest.get_versionMismatch () [0x00000] in /Users/airewatterson/Documents/GitHub/Padko_Survivers_Mobile/Library/PackageCache/com.unity.visualscripting@1.7.6/Editor/VisualScripting.Core/Plugins/PluginManifest.cs:48 
  at Unity.VisualScripting.PluginContainer.Initialize () [0x00525] in /Users/airewatterson/Documents/GitHub/Padko_Survivers_Mobile/Library/PackageCache/com.unity.visualscripting@1.7.6/Editor/VisualScripting.Core/Plugins/PluginContainer.cs:208 
  at Unity.VisualScripting.PluginContainer.InitializeOnLoad () [0x00009] in /Users/airewatterson/Documents/GitHub/Padko_Survivers_Mobile/Library/PackageCache/com.unity.visualscripting@1.7.6/Editor/VisualScripting.Core/Plugins/PluginContainer.cs:32 
  at Unity.VisualScripting.VSUsageUtility.DoInitializeOnLoadCalls () [0x00034] in /Users/airewatterson/Documents/GitHub/Padko_Survivers_Mobile/Library/PackageCache/com.unity.visualscripting@1.7.6/Editor/VisualScripting.Core/Utilities/VSUsageUtility.cs:76 
  at Unity.VisualScripting.VSUsageUtility.set_isVisualScriptingUsed (System.Boolean value) [0x0002c] in /Users/airewatterson/Documents/GitHub/Padko_Survivers_Mobile/Library/PackageCache/com.unity.visualscripting@1.7.6/Editor/VisualScripting.Core/Utilities/VSUsageUtility.cs:114 
  at Unity.VisualScripting.VSUsageUtility.CheckAndSetIsVisualScriptingUsed () [0x0000d] in /Users/airewatterson/Documents/GitHub/Padko_Survivers_Mobile/Library/PackageCache/com.unity.visualscripting@1.7.6/Editor/VisualScripting.Core/Utilities/VSUsageUtility.cs:33 
  at Unity.VisualScripting.VSUsageUtility..cctor () [0x00000] in /Users/airewatterson/Documents/GitHub/Padko_Survivers_Mobile/Library/PackageCache/com.unity.visualscripting@1.7.6/Editor/VisualScripting.Core/Utilities/VSUsageUtility.cs:22 
 #0 GetStacktrace(int)
 #1 DebugStringToFile(DebugStringToFileData const&)
 #2 DebugLogHandler_CUSTOM_Internal_Log(LogType, LogOption, ScriptingBackendNativeStringPtrOpaque*, ScriptingBackendNativeObjectPtrOpaque*)
 #3  (Mono JIT Code) (wrapper managed-to-native) UnityEngine.DebugLogHandler:Internal_Log (UnityEngine.LogType,UnityEngine.LogOption,string,UnityEngine.Object)
 #4  (Mono JIT Code) [DebugLogHandler.cs:10] UnityEngine.DebugLogHandler:LogFormat (UnityEngine.LogType,UnityEngine.Object,string,object[])
 #5  (Mono JIT Code) [Logger.cs:61] UnityEngine.Logger:Log (UnityEngine.LogType,object)
 #6  (Mono JIT Code) [Debug.bindings.cs:130] UnityEngine.Debug:LogError (object)
 #7  (Mono JIT Code) [EditorAssemblies.cs:131] UnityEditor.EditorAssemblies:ProcessInitializeOnLoadAttributes (System.Type[])
 #8  (Mono JIT Code) (wrapper runtime-invoke) <Module>:runtime_invoke_void_object (object,intptr,intptr,intptr)
 #9 mono_jit_runtime_invoke
 #10 do_runtime_invoke
 #11 mono_runtime_invoke
 #12 scripting_method_invoke(ScriptingMethodPtr, ScriptingObjectPtr, ScriptingArguments&, ScriptingExceptionPtr*, bool)
 #13 ScriptingInvocation::Invoke(ScriptingExceptionPtr*, bool)
 #14 Scripting::UnityEditor::EditorAssembliesProxy::ProcessInitializeOnLoadAttributes(ScriptingArrayPtr, ScriptingExceptionPtr*)
 #15 MonoManager::SetupLoadedEditorAssemblies(dynamic_array<int, 0ul> const&)
 #16 MonoManager::EndReloadAssembly(DomainReloadingData&, dynamic_bitset)
 #17 MonoManager::ReloadAssembly()
 #18 LoadDomainAndUserAssemblies()
 #19 LoadUserAssemblies()
 #20 AssetImportWorkerClient::ReloadMonoDomain(AssetResolver&)
 #21 invocation function for block in AssetImportWorkerClient::HandleMessage(PrepareMessage const&)::$_8::operator()() const
 #22 _dispatch_client_callout
 #23 _dispatch_async_and_wait_invoke
 #24 _dispatch_client_callout
 #25 _dispatch_main_queue_drain
 #26 _dispatch_main_queue_callback_4CF
 #27 __CFRUNLOOP_IS_SERVICING_THE_MAIN_DISPATCH_QUEUE__
 #28 __CFRunLoopRun
 #29 CFRunLoopRunSpecific
 #30 RunCurrentEventLoopInMode
 #31 ReceiveNextEventCommon
 #32 _BlockUntilNextEventMatchingListInModeWithFilter
 #33 _DPSNextEvent
 #34 -[NSApplication(NSEvent) _nextEventMatchingEventMask:untilDate:inMode:dequeue:]
 #35 -[NSApplication run]
 #36 NSApplicationMain
 #37 EditorMain(int, char const**)
 #38 main
 #39 ???

Mono: successfully reloaded assembly
- Completed reload, in  0.945 seconds
Domain Reload Profiling:
	ReloadAssembly (945ms)
		BeginReloadAssembly (121ms)
			ExecutionOrderSort (0ms)
			DisableScriptedObjects (6ms)
			BackupInstance (0ms)
			ReleaseScriptingObjects (0ms)
			CreateAndSetChildDomain (49ms)
		EndReloadAssembly (764ms)
			LoadAssemblies (49ms)
			RebuildTransferFunctionScriptingTraits (0ms)
			SetupTypeCache (169ms)
			ReleaseScriptCaches (1ms)
			RebuildScriptCaches (37ms)
			SetupLoadedEditorAssemblies (367ms)
				LogAssemblyErrors (0ms)
				InitializePlatformSupportModulesInManaged (18ms)
				SetLoadedEditorAssemblies (0ms)
				RefreshPlugins (1ms)
				BeforeProcessingInitializeOnLoad (44ms)
				ProcessInitializeOnLoadAttributes (284ms)
				ProcessInitializeOnLoadMethodAttributes (19ms)
				AfterProcessingInitializeOnLoad (1ms)
				EditorAssembliesLoaded (0ms)
			ExecutionOrderSort2 (0ms)
			AwakeInstancesAfterBackupRestoration (4ms)
Platform modules already initialized, skipping
Refreshing native plugins compatible for Editor in 1.43 ms, found 3 plugins.
Preloading 0 native plugins for Editor in 0.00 ms.
Unloading 4542 Unused Serialized files (Serialized files now loaded: 1)
Unloading 37 unused Assets / (92.6 KB). Loaded Objects now: 5220.
Memory consumption went from 314.3 MB to 314.2 MB.
Total: 8.676125 ms (FindLiveObjects: 0.162000 ms CreateObjectMapping: 0.063875 ms MarkObjects: 8.415417 ms  DeleteObjects: 0.033167 ms)

AssetImportParameters requested are different than current active one (requested -> active):
  custom:video-decoder-ogg-theora: a1e56fd34408186e4bbccfd4996cb3dc -> 
  custom:container-muxer-webm: aa71ff27fc2769a1b78a27578f13a17b -> 
  custom:container-demuxer-webm: 4f35f7cbe854078d1ac9338744f61a02 -> 
  custom:video-encoder-webm-vp8: eb34c28f22e8b96e1ab97ce403110664 -> 
  custom:framework-osx-AVFoundation: e770b220cccbd017edd2c1fefb359320 -> 
  custom:audio-encoder-webm-vorbis: bf7c407c2cedff20999df2af8eb42d56 -> 
  custom:container-demuxer-ogg: 62fdf1f143b41e24485cea50d1cbac27 -> 
  custom:video-decoder-webm-vp8: 9c59270c3fd7afecdb556c50c9e8de78 -> 
  custom:audio-decoder-ogg-vorbis: bf7c407c2cedff20999df2af8eb42d56 -> 
